TN:
SF:src/index.ts
FNF:0
FNH:0
DA:1,1
DA:2,1
LF:2
LH:2
BRF:0
BRH:0
end_of_record
TN:
SF:src/client/index.ts
FN:44,(anonymous_1)
FN:50,(anonymous_2)
FN:64,(anonymous_3)
FN:73,(anonymous_4)
FN:79,(anonymous_5)
FNF:5
FNH:5
FNDA:2,(anonymous_1)
FNDA:1,(anonymous_2)
FNDA:2,(anonymous_3)
FNDA:2,(anonymous_4)
FNDA:2,(anonymous_5)
DA:2,1
DA:3,1
DA:4,1
DA:33,1
DA:45,2
DA:47,2
DA:48,2
DA:50,2
DA:51,1
DA:52,1
DA:55,2
DA:57,2
DA:59,2
DA:65,2
DA:74,2
DA:75,2
DA:79,2
DA:81,1
LF:18
LH:18
BRDA:47,0,0,2
BRDA:47,0,1,0
BRDA:55,1,0,2
BRDA:55,1,1,0
BRF:4
BRH:2
end_of_record
TN:
SF:src/testing/MetricsAsserter.ts
FN:15,(anonymous_1)
FN:23,(anonymous_2)
FN:29,(anonymous_3)
FN:39,(anonymous_4)
FN:44,(anonymous_5)
FNF:5
FNH:5
FNDA:1,(anonymous_1)
FNDA:1,(anonymous_2)
FNDA:3,(anonymous_3)
FNDA:1,(anonymous_4)
FNDA:1,(anonymous_5)
DA:4,1
DA:5,1
DA:6,1
DA:7,1
DA:9,1
DA:16,1
DA:24,1
DA:26,1
DA:27,1
DA:29,1
DA:30,3
DA:33,1
DA:38,1
DA:39,1
DA:53,1
DA:55,1
DA:57,1
DA:59,1
DA:65,1
LF:19
LH:19
BRDA:46,0,0,1
BRDA:57,1,0,0
BRDA:57,1,1,1
BRF:3
BRH:2
end_of_record
TN:
SF:src/testing/createBaseConfig.ts
FN:16,(anonymous_1)
FNF:1
FNH:1
FNDA:2,(anonymous_1)
DA:1,1
DA:10,1
DA:16,2
LF:3
LH:3
BRF:0
BRH:0
end_of_record
TN:
SF:src/testing/index.ts
FNF:0
FNH:0
DA:1,1
DA:2,1
LF:2
LH:2
BRF:0
BRH:0
end_of_record
