TN:
SF:src/constants/environment.ts
FN:1,(anonymous_0)
FNF:1
FNH:1
FNDA:1,(anonymous_0)
DA:1,1
DA:2,1
DA:3,1
DA:4,1
DA:5,1
DA:6,1
DA:8,1
LF:7
LH:7
BRDA:1,0,0,1
BRDA:1,0,1,1
BRF:2
BRH:2
end_of_record
TN:
SF:src/constants/index.ts
FNF:0
FNH:0
DA:1,1
DA:2,1
DA:3,1
DA:4,1
DA:5,1
LF:5
LH:5
BRF:0
BRH:0
end_of_record
TN:
SF:src/constants/regexp.ts
FNF:0
FNH:0
DA:1,1
DA:3,1
DA:5,1
DA:7,1
DA:9,1
DA:11,1
DA:14,1
DA:19,1
DA:21,1
DA:23,1
DA:26,1
LF:11
LH:11
BRF:0
BRH:0
end_of_record
TN:
SF:src/constants/runtime.ts
FNF:0
FNH:0
DA:1,1
LF:1
LH:1
BRF:0
BRH:0
end_of_record
TN:
SF:src/constants/slot.ts
FNF:0
FNH:0
DA:8,1
DA:9,1
DA:11,1
LF:3
LH:3
BRF:0
BRH:0
end_of_record
TN:
SF:src/crypto/hex2abc.ts
FN:29,(anonymous_0)
FN:29,(anonymous_1)
FNF:2
FNH:2
FNDA:7,(anonymous_0)
FNDA:49,(anonymous_1)
DA:1,1
DA:29,49
LF:2
LH:2
BRF:0
BRH:0
end_of_record
TN:
SF:src/crypto/murmurhash.ts
FN:5,(anonymous_0)
FNF:1
FNH:1
FNDA:7,(anonymous_0)
DA:1,1
DA:2,1
DA:4,1
DA:6,7
DA:7,7
DA:8,7
DA:10,7
DA:14,1
LF:8
LH:8
BRDA:5,0,0,0
BRF:1
BRH:0
end_of_record
TN:
SF:src/utils/array.ts
FN:3,(anonymous_0)
FN:5,(anonymous_1)
FN:7,(anonymous_2)
FN:9,(anonymous_3)
FN:9,(anonymous_4)
FN:11,(anonymous_5)
FN:14,(anonymous_6)
FN:17,(anonymous_7)
FN:20,(anonymous_8)
FN:22,(anonymous_9)
FN:24,(anonymous_10)
FN:29,(anonymous_11)
FN:35,(anonymous_12)
FN:51,(anonymous_13)
FN:53,(anonymous_14)
FN:75,(anonymous_15)
FN:75,(anonymous_16)
FN:76,(anonymous_17)
FN:78,(anonymous_18)
FN:78,(anonymous_19)
FN:80,(anonymous_20)
FN:104,(anonymous_21)
FN:110,(anonymous_22)
FN:119,(anonymous_23)
FN:122,(anonymous_24)
FN:129,(anonymous_25)
FN:131,(anonymous_26)
FN:134,(anonymous_27)
FN:137,(anonymous_28)
FN:140,(anonymous_29)
FN:151,(anonymous_30)
FN:153,(anonymous_31)
FN:180,(anonymous_32)
FN:186,(anonymous_33)
FN:188,(anonymous_34)
FNF:35
FNH:31
FNDA:2,(anonymous_0)
FNDA:19,(anonymous_1)
FNDA:4,(anonymous_2)
FNDA:4,(anonymous_3)
FNDA:12,(anonymous_4)
FNDA:3,(anonymous_5)
FNDA:11,(anonymous_6)
FNDA:4,(anonymous_7)
FNDA:3,(anonymous_8)
FNDA:2,(anonymous_9)
FNDA:3,(anonymous_10)
FNDA:3,(anonymous_11)
FNDA:11,(anonymous_12)
FNDA:1,(anonymous_13)
FNDA:8,(anonymous_14)
FNDA:2,(anonymous_15)
FNDA:0,(anonymous_16)
FNDA:6,(anonymous_17)
FNDA:1,(anonymous_18)
FNDA:0,(anonymous_19)
FNDA:2,(anonymous_20)
FNDA:1,(anonymous_21)
FNDA:4,(anonymous_22)
FNDA:3,(anonymous_23)
FNDA:0,(anonymous_24)
FNDA:3,(anonymous_25)
FNDA:9,(anonymous_26)
FNDA:3,(anonymous_27)
FNDA:3,(anonymous_28)
FNDA:6,(anonymous_29)
FNDA:0,(anonymous_30)
FNDA:2,(anonymous_31)
FNDA:1,(anonymous_32)
FNDA:2,(anonymous_33)
FNDA:1,(anonymous_34)
DA:3,2
DA:5,19
DA:7,4
DA:9,12
DA:11,1
DA:12,3
DA:14,1
DA:15,11
DA:17,1
DA:18,4
DA:20,3
DA:22,2
DA:24,1
DA:25,3
DA:26,3
DA:29,1
DA:30,3
DA:31,3
DA:32,3
DA:35,1
DA:36,11
DA:37,2
DA:40,9
DA:41,2
DA:44,7
DA:45,1
DA:48,6
DA:51,1
DA:52,1
DA:54,8
DA:55,4
DA:57,4
DA:60,8
DA:75,1
DA:76,6
DA:78,1
DA:80,1
DA:82,2
DA:83,2
DA:84,2
DA:86,2
DA:89,2
DA:90,16
DA:91,8
DA:92,4
DA:94,4
DA:97,8
DA:101,2
DA:104,1
DA:105,1
DA:107,1
DA:110,1
DA:111,4
DA:112,2
DA:115,2
DA:116,1
DA:119,3
DA:122,1
DA:123,0
DA:125,0
DA:129,3
DA:131,9
DA:134,3
DA:137,1
DA:138,3
DA:140,3
DA:141,6
DA:143,1
DA:145,1
DA:148,3
DA:151,1
DA:153,2
DA:180,1
DA:186,2
DA:188,1
DA:189,1
DA:191,1
DA:192,1
DA:193,1
DA:195,1
DA:197,0
DA:200,1
LF:82
LH:79
BRDA:5,0,0,4
BRDA:5,0,1,15
BRDA:12,1,0,1
BRDA:12,1,1,2
BRDA:15,2,0,1
BRDA:15,2,1,10
BRDA:18,3,0,1
BRDA:18,3,1,3
BRDA:20,4,0,1
BRDA:20,4,1,2
BRDA:22,5,0,1
BRDA:22,5,1,1
BRDA:36,6,0,2
BRDA:36,6,1,9
BRDA:36,7,0,11
BRDA:36,7,1,10
BRDA:40,8,0,2
BRDA:40,8,1,7
BRDA:44,9,0,1
BRDA:44,9,1,6
BRDA:54,10,0,4
BRDA:54,10,1,4
BRDA:75,11,0,0
BRDA:78,12,0,0
BRDA:90,13,0,8
BRDA:90,13,1,8
BRDA:91,14,0,4
BRDA:91,14,1,4
BRDA:111,15,0,2
BRDA:111,15,1,2
BRDA:115,16,0,1
BRDA:115,16,1,1
BRDA:115,17,0,2
BRDA:115,17,1,1
BRDA:129,18,0,3
BRDA:129,18,1,2
BRDA:131,19,0,9
BRDA:131,19,1,6
BRDA:141,20,0,5
BRDA:141,20,1,1
BRDA:153,21,0,1
BRDA:153,21,1,1
BRDA:192,22,0,1
BRDA:192,22,1,0
BRF:44
BRH:41
end_of_record
TN:
SF:src/utils/emails.ts
FN:3,(anonymous_0)
FN:5,(anonymous_1)
FNF:2
FNH:2
FNDA:9,(anonymous_0)
FNDA:3,(anonymous_1)
DA:1,1
DA:3,9
DA:5,3
LF:3
LH:3
BRDA:3,0,0,9
BRDA:3,0,1,9
BRF:2
BRH:2
end_of_record
TN:
SF:src/utils/functional.ts
FN:3,(anonymous_0)
FN:27,(anonymous_1)
FN:28,(anonymous_2)
FN:37,(anonymous_3)
FN:42,(anonymous_4)
FN:44,(anonymous_5)
FN:46,(anonymous_6)
FN:51,(anonymous_7)
FN:52,(anonymous_8)
FN:60,(anonymous_9)
FN:65,(anonymous_10)
FN:66,(anonymous_11)
FN:70,(anonymous_12)
FN:71,(anonymous_13)
FN:88,(anonymous_14)
FN:89,(anonymous_15)
FN:93,(anonymous_16)
FN:94,(anonymous_17)
FNF:18
FNH:18
FNDA:5,(anonymous_0)
FNDA:4,(anonymous_1)
FNDA:4,(anonymous_2)
FNDA:6,(anonymous_3)
FNDA:1,(anonymous_4)
FNDA:1,(anonymous_5)
FNDA:2,(anonymous_6)
FNDA:4,(anonymous_7)
FNDA:4,(anonymous_8)
FNDA:6,(anonymous_9)
FNDA:1,(anonymous_10)
FNDA:1,(anonymous_11)
FNDA:4,(anonymous_12)
FNDA:4,(anonymous_13)
FNDA:1,(anonymous_14)
FNDA:1,(anonymous_15)
FNDA:1,(anonymous_16)
FNDA:1,(anonymous_17)
DA:3,5
DA:26,1
DA:27,1
DA:28,4
DA:29,4
DA:30,1
DA:33,3
DA:34,1
DA:37,6
DA:42,1
DA:44,1
DA:46,2
DA:50,1
DA:51,1
DA:52,4
DA:54,4
DA:55,1
DA:56,3
DA:57,1
DA:58,1
DA:60,6
DA:64,1
DA:65,1
DA:66,1
DA:67,1
DA:69,1
DA:70,1
DA:71,4
DA:73,4
DA:74,1
DA:75,3
DA:76,1
DA:77,1
DA:80,2
DA:82,6
DA:87,1
DA:88,1
DA:89,1
DA:90,1
DA:92,1
DA:93,1
DA:94,1
DA:95,1
DA:97,1
LF:44
LH:44
BRDA:29,0,0,1
BRDA:29,0,1,3
BRDA:33,1,0,1
BRDA:33,1,1,2
BRDA:46,2,0,1
BRDA:46,2,1,1
BRDA:54,3,0,1
BRDA:54,3,1,3
BRDA:55,4,0,0
BRDA:55,4,1,1
BRDA:55,5,0,1
BRDA:55,5,1,1
BRDA:56,6,0,1
BRDA:56,6,1,2
BRDA:57,7,0,0
BRDA:57,7,1,1
BRDA:57,8,0,1
BRDA:57,8,1,1
BRDA:58,9,0,0
BRDA:58,9,1,1
BRDA:58,10,0,1
BRDA:58,10,1,1
BRDA:60,11,0,0
BRDA:60,11,1,6
BRDA:60,12,0,6
BRDA:60,12,1,6
BRDA:73,13,0,1
BRDA:73,13,1,3
BRDA:74,14,0,0
BRDA:74,14,1,1
BRDA:74,15,0,1
BRDA:74,15,1,1
BRDA:75,16,0,1
BRDA:75,16,1,2
BRDA:76,17,0,0
BRDA:76,17,1,1
BRDA:76,18,0,1
BRDA:76,18,1,1
BRDA:77,19,0,0
BRDA:77,19,1,1
BRDA:77,20,0,1
BRDA:77,20,1,1
BRDA:82,21,0,0
BRDA:82,21,1,6
BRDA:82,22,0,6
BRDA:82,22,1,6
BRF:46
BRH:38
end_of_record
TN:
SF:src/utils/id.ts
FN:9,(anonymous_1)
FN:11,(anonymous_2)
FN:14,(anonymous_3)
FNF:3
FNH:2
FNDA:0,(anonymous_1)
FNDA:7,(anonymous_2)
FNDA:36,(anonymous_3)
DA:1,1
DA:2,1
DA:5,1
DA:7,1
DA:9,1
DA:11,1
DA:12,7
DA:14,7
DA:15,36
DA:16,17
DA:19,19
DA:22,7
LF:12
LH:12
BRDA:12,0,0,2
BRDA:12,0,1,5
BRDA:15,1,0,17
BRDA:15,1,1,19
BRDA:15,2,0,36
BRDA:15,2,1,36
BRF:6
BRH:6
end_of_record
TN:
SF:src/utils/intent.ts
FN:6,(anonymous_1)
FN:15,(anonymous_2)
FN:20,(anonymous_3)
FN:28,(anonymous_4)
FN:29,(anonymous_5)
FN:30,(anonymous_6)
FN:31,(anonymous_7)
FN:37,(anonymous_8)
FN:42,(anonymous_9)
FN:68,(anonymous_10)
FN:82,(anonymous_11)
FN:99,(anonymous_12)
FN:105,(anonymous_13)
FN:136,(anonymous_14)
FN:139,(anonymous_15)
FN:172,(anonymous_16)
FN:177,(anonymous_17)
FN:198,(anonymous_18)
FNF:18
FNH:8
FNDA:0,(anonymous_1)
FNDA:0,(anonymous_2)
FNDA:0,(anonymous_3)
FNDA:0,(anonymous_4)
FNDA:0,(anonymous_5)
FNDA:0,(anonymous_6)
FNDA:0,(anonymous_7)
FNDA:0,(anonymous_8)
FNDA:0,(anonymous_9)
FNDA:13,(anonymous_10)
FNDA:2,(anonymous_11)
FNDA:13,(anonymous_12)
FNDA:16,(anonymous_13)
FNDA:6,(anonymous_14)
FNDA:9,(anonymous_15)
FNDA:13,(anonymous_16)
FNDA:18,(anonymous_17)
FNDA:0,(anonymous_18)
DA:1,1
DA:2,1
DA:4,1
DA:6,1
DA:7,0
DA:8,0
DA:11,0
DA:13,0
DA:15,0
DA:17,0
DA:20,1
DA:27,0
DA:28,0
DA:30,0
DA:31,0
DA:33,0
DA:37,1
DA:38,0
DA:39,0
DA:41,0
DA:42,0
DA:44,0
DA:45,0
DA:47,0
DA:51,0
DA:54,1
DA:68,1
DA:70,13
DA:72,13
DA:75,13
DA:76,29
DA:77,29
DA:79,13
DA:82,1
DA:96,2
DA:97,2
DA:99,2
DA:100,13
DA:102,13
DA:105,13
DA:106,16
DA:107,16
DA:109,16
DA:110,16
DA:112,16
DA:115,16
DA:116,16
DA:117,16
DA:125,16
DA:128,13
DA:136,2
DA:138,6
DA:139,6
DA:140,9
DA:142,9
DA:143,4
DA:144,4
DA:145,4
DA:146,4
DA:150,9
DA:153,6
DA:156,2
DA:157,7
DA:158,7
DA:160,7
DA:161,7
DA:163,0
DA:167,2
DA:170,1
DA:172,1
DA:173,13
DA:175,13
DA:176,13
DA:177,13
DA:178,18
DA:181,18
DA:182,6
DA:183,6
DA:184,6
DA:188,18
DA:189,8
DA:190,8
DA:194,13
DA:198,1
LF:84
LH:64
BRDA:7,0,0,0
BRDA:7,0,1,0
BRDA:21,1,0,0
BRDA:22,2,0,0
BRDA:28,3,0,0
BRDA:28,3,1,0
BRDA:28,4,0,0
BRDA:28,4,1,0
BRDA:33,5,0,0
BRDA:33,5,1,0
BRDA:33,6,0,0
BRDA:33,6,1,0
BRDA:33,7,0,0
BRDA:33,7,1,0
BRDA:39,8,0,0
BRDA:39,8,1,0
BRDA:39,9,0,0
BRDA:39,9,1,0
BRDA:39,10,0,0
BRDA:39,10,1,0
BRDA:39,11,0,0
BRDA:39,11,1,0
BRDA:41,12,0,0
BRDA:41,12,1,0
BRDA:41,13,0,0
BRDA:41,13,1,0
BRDA:44,14,0,0
BRDA:44,14,1,0
BRDA:85,15,0,2
BRDA:87,16,0,2
BRDA:100,17,0,0
BRDA:100,17,1,13
BRDA:100,18,0,0
BRDA:100,18,1,13
BRDA:100,19,0,13
BRDA:100,19,1,13
BRDA:107,20,0,0
BRDA:107,20,1,16
BRDA:109,21,0,16
BRDA:109,21,1,0
BRDA:109,21,2,0
BRDA:109,22,0,0
BRDA:109,22,1,16
BRDA:109,23,0,16
BRDA:109,23,1,16
BRDA:109,24,0,0
BRDA:109,24,1,0
BRDA:109,25,0,0
BRDA:109,25,1,0
BRDA:110,26,0,4
BRDA:110,26,1,12
BRDA:110,27,0,0
BRDA:110,27,1,16
BRDA:110,28,0,16
BRDA:110,28,1,16
BRDA:110,29,0,0
BRDA:110,29,1,16
BRDA:110,30,0,16
BRDA:110,30,1,16
BRDA:112,31,0,5
BRDA:112,31,1,11
BRDA:112,32,0,16
BRDA:112,32,1,16
BRDA:112,33,0,11
BRDA:112,33,1,5
BRDA:112,34,0,16
BRDA:112,34,1,16
BRDA:115,35,0,16
BRDA:115,35,1,4
BRDA:142,36,0,4
BRDA:142,36,1,5
BRDA:145,37,0,4
BRDA:145,37,1,0
BRDA:156,38,0,9
BRDA:156,38,1,7
BRDA:158,39,0,0
BRDA:158,39,1,7
BRDA:158,40,0,7
BRDA:158,40,1,7
BRDA:160,41,0,7
BRDA:160,41,1,0
BRDA:160,42,0,0
BRDA:160,42,1,7
BRDA:160,43,0,7
BRDA:160,43,1,7
BRDA:175,44,0,12
BRDA:175,44,1,1
BRDA:181,45,0,6
BRDA:181,45,1,12
BRDA:181,46,0,18
BRDA:181,46,1,14
BRDA:188,47,0,8
BRDA:188,47,1,10
BRDA:188,48,0,18
BRDA:188,48,1,12
BRDA:198,49,0,0
BRDA:198,49,1,0
BRF:97
BRH:51
end_of_record
TN:
SF:src/utils/map.ts
FN:9,getOrDefault
FNF:1
FNH:1
FNDA:3,getOrDefault
DA:1,1
DA:9,1
DA:10,3
DA:11,2
DA:12,2
DA:13,2
DA:15,1
LF:7
LH:7
BRDA:10,0,0,2
BRDA:10,0,1,1
BRDA:11,1,0,1
BRDA:11,1,1,1
BRF:4
BRH:4
end_of_record
TN:
SF:src/utils/promise.ts
FN:1,(anonymous_0)
FN:2,(anonymous_1)
FN:3,(anonymous_2)
FN:6,(anonymous_3)
FN:7,(anonymous_4)
FN:8,(anonymous_5)
FNF:6
FNH:6
FNDA:10,(anonymous_0)
FNDA:10,(anonymous_1)
FNDA:10,(anonymous_2)
FNDA:1,(anonymous_3)
FNDA:1,(anonymous_4)
FNDA:1,(anonymous_5)
DA:1,1
DA:2,10
DA:3,10
DA:6,1
DA:7,1
DA:8,1
DA:9,1
LF:7
LH:7
BRDA:1,0,0,10
BRF:1
BRH:1
end_of_record
TN:
SF:src/utils/protocol.ts
FN:10,(anonymous_1)
FN:14,(anonymous_2)
FN:15,(anonymous_3)
FN:19,(anonymous_4)
FN:21,(anonymous_5)
FN:22,(anonymous_6)
FN:25,(anonymous_7)
FN:26,(anonymous_8)
FN:32,(anonymous_9)
FNF:9
FNH:8
FNDA:0,(anonymous_1)
FNDA:1,(anonymous_2)
FNDA:1,(anonymous_3)
FNDA:5,(anonymous_4)
FNDA:3,(anonymous_5)
FNDA:5,(anonymous_6)
FNDA:1,(anonymous_7)
FNDA:2,(anonymous_8)
FNDA:1,(anonymous_9)
DA:1,1
DA:8,1
DA:10,1
DA:11,0
DA:13,1
DA:14,1
DA:15,1
DA:16,1
DA:18,1
DA:19,5
DA:22,5
DA:26,2
DA:32,1
LF:13
LH:12
BRF:0
BRH:0
end_of_record
TN:
SF:src/utils/slot.ts
FN:5,(anonymous_1)
FN:6,(anonymous_2)
FN:16,(anonymous_3)
FN:16,(anonymous_4)
FN:19,(anonymous_5)
FN:19,(anonymous_6)
FN:19,(anonymous_7)
FN:24,(anonymous_8)
FN:25,(anonymous_9)
FN:38,(anonymous_10)
FN:39,(anonymous_11)
FNF:11
FNH:7
FNDA:0,(anonymous_1)
FNDA:0,(anonymous_2)
FNDA:0,(anonymous_3)
FNDA:0,(anonymous_4)
FNDA:4,(anonymous_5)
FNDA:16,(anonymous_6)
FNDA:16,(anonymous_7)
FNDA:1,(anonymous_8)
FNDA:4,(anonymous_9)
FNDA:1,(anonymous_10)
FNDA:1,(anonymous_11)
DA:1,1
DA:3,1
DA:5,1
DA:6,0
DA:7,0
DA:8,0
DA:13,0
DA:16,1
DA:19,16
DA:24,1
DA:25,4
DA:26,1
DA:38,1
DA:39,1
DA:40,1
DA:41,1
LF:16
LH:12
BRDA:7,0,0,0
BRDA:7,0,1,0
BRDA:19,1,0,0
BRF:3
BRH:0
end_of_record
TN:
SF:src/utils/string.ts
FN:4,(anonymous_0)
FN:6,(anonymous_1)
FN:8,(anonymous_2)
FN:9,(anonymous_3)
FN:11,(anonymous_4)
FN:13,(anonymous_5)
FN:15,(anonymous_6)
FNF:7
FNH:7
FNDA:7,(anonymous_0)
FNDA:3,(anonymous_1)
FNDA:3,(anonymous_2)
FNDA:5,(anonymous_3)
FNDA:6,(anonymous_4)
FNDA:5,(anonymous_5)
FNDA:2,(anonymous_6)
DA:1,1
DA:2,1
DA:4,7
DA:6,3
DA:8,1
DA:9,5
DA:11,6
DA:13,5
DA:15,1
DA:16,2
LF:10
LH:10
BRDA:16,0,0,1
BRDA:16,0,1,1
BRF:2
BRH:2
end_of_record
TN:
SF:src/utils/timezones.ts
FN:2039,(anonymous_0)
FN:2039,(anonymous_1)
FN:2039,(anonymous_2)
FNF:3
FNH:3
FNDA:1,(anonymous_0)
FNDA:13,(anonymous_1)
FNDA:490,(anonymous_2)
DA:11,1
DA:2039,490
DA:2041,1
LF:3
LH:3
BRF:0
BRH:0
end_of_record
TN:
SF:src/utils/typeguard.ts
FN:2,(anonymous_0)
FN:3,(anonymous_1)
FN:4,(anonymous_2)
FN:8,(anonymous_3)
FN:9,(anonymous_4)
FN:10,(anonymous_5)
FNF:6
FNH:6
FNDA:3,(anonymous_0)
FNDA:3,(anonymous_1)
FNDA:6,(anonymous_2)
FNDA:3,(anonymous_3)
FNDA:3,(anonymous_4)
FNDA:6,(anonymous_5)
DA:1,1
DA:2,1
DA:3,3
DA:4,3
DA:5,6
DA:7,1
DA:8,1
DA:9,3
DA:10,3
DA:11,6
LF:10
LH:10
BRDA:5,0,0,6
BRDA:5,0,1,6
BRDA:5,1,0,3
BRDA:5,1,1,3
BRDA:11,2,0,3
BRDA:11,2,1,3
BRF:6
BRH:6
end_of_record
TN:
SF:src/utils/object/common.ts
FN:3,(anonymous_1)
FN:6,(anonymous_2)
FN:7,(anonymous_3)
FN:16,(anonymous_4)
FN:18,(anonymous_5)
FN:21,(anonymous_6)
FN:41,(anonymous_7)
FN:48,(anonymous_8)
FN:61,(anonymous_9)
FN:69,(anonymous_10)
FN:70,(anonymous_11)
FN:78,(anonymous_12)
FN:80,(anonymous_13)
FN:95,(anonymous_14)
FN:98,(anonymous_15)
FN:99,(anonymous_16)
FN:101,(anonymous_17)
FN:102,(anonymous_18)
FNF:18
FNH:17
FNDA:0,(anonymous_1)
FNDA:6,(anonymous_2)
FNDA:8,(anonymous_3)
FNDA:144,(anonymous_4)
FNDA:6,(anonymous_5)
FNDA:5,(anonymous_6)
FNDA:7,(anonymous_7)
FNDA:5,(anonymous_8)
FNDA:7,(anonymous_9)
FNDA:5,(anonymous_10)
FNDA:13,(anonymous_11)
FNDA:5,(anonymous_12)
FNDA:13,(anonymous_13)
FNDA:1,(anonymous_14)
FNDA:1,(anonymous_15)
FNDA:3,(anonymous_16)
FNDA:3,(anonymous_17)
FNDA:4,(anonymous_18)
DA:3,1
DA:5,1
DA:6,1
DA:7,6
DA:8,8
DA:10,1
DA:12,1
DA:14,1
DA:16,144
DA:18,1
DA:19,6
DA:21,1
DA:22,5
DA:24,5
DA:25,1
DA:28,4
DA:29,1
DA:31,1
DA:34,3
DA:35,1
DA:36,1
DA:38,1
DA:41,2
DA:42,7
DA:44,7
DA:48,1
DA:49,5
DA:50,1
DA:53,4
DA:54,1
DA:57,3
DA:58,1
DA:61,7
DA:69,1
DA:70,5
DA:71,13
DA:72,9
DA:75,13
DA:78,1
DA:79,5
DA:81,13
DA:82,9
DA:85,13
DA:93,1
DA:95,1
DA:96,1
DA:98,1
DA:99,3
DA:101,1
DA:102,4
LF:50
LH:50
BRDA:16,0,0,144
BRDA:16,0,1,143
BRDA:24,1,0,1
BRDA:24,1,1,4
BRDA:28,2,0,1
BRDA:28,2,1,3
BRDA:34,3,0,1
BRDA:34,3,1,2
BRDA:49,4,0,1
BRDA:49,4,1,4
BRDA:53,5,0,1
BRDA:53,5,1,3
BRDA:57,6,0,1
BRDA:57,6,1,2
BRDA:71,7,0,9
BRDA:71,7,1,4
BRDA:81,8,0,9
BRDA:81,8,1,4
BRDA:102,9,0,4
BRDA:102,9,1,2
BRF:20
BRH:20
end_of_record
TN:
SF:src/utils/object/deepMap.ts
FN:5,(anonymous_0)
FN:12,(anonymous_1)
FN:29,(anonymous_2)
FN:46,(anonymous_3)
FN:56,(anonymous_4)
FN:59,(anonymous_5)
FN:76,(anonymous_6)
FN:93,(anonymous_7)
FNF:8
FNH:8
FNDA:17,(anonymous_0)
FNDA:14,(anonymous_1)
FNDA:29,(anonymous_2)
FNDA:85,(anonymous_3)
FNDA:13,(anonymous_4)
FNDA:10,(anonymous_5)
FNDA:27,(anonymous_6)
FNDA:73,(anonymous_7)
DA:3,1
DA:5,1
DA:10,17
DA:12,17
DA:13,14
DA:14,1
DA:17,13
DA:19,13
DA:21,13
DA:22,13
DA:23,20
DA:26,13
DA:29,17
DA:30,29
DA:31,1
DA:34,28
DA:36,28
DA:39,28
DA:40,48
DA:43,28
DA:46,17
DA:47,85
DA:48,71
DA:50,42
DA:53,17
DA:56,1
DA:57,13
DA:59,13
DA:60,10
DA:61,1
DA:64,9
DA:66,9
DA:68,9
DA:69,9
DA:70,15
DA:73,9
DA:76,13
DA:77,27
DA:78,1
DA:81,26
DA:83,26
DA:86,26
DA:87,45
DA:90,26
DA:93,13
DA:94,73
DA:95,63
DA:97,36
DA:100,13
LF:49
LH:49
BRDA:8,0,0,15
BRDA:13,1,0,1
BRDA:13,1,1,13
BRDA:17,2,0,2
BRDA:17,2,1,11
BRDA:30,3,0,1
BRDA:30,3,1,28
BRDA:34,4,0,2
BRDA:34,4,1,26
BRDA:47,5,0,14
BRDA:47,5,1,71
BRDA:48,6,0,29
BRDA:48,6,1,42
BRDA:60,7,0,1
BRDA:60,7,1,9
BRDA:77,8,0,1
BRDA:77,8,1,26
BRDA:94,9,0,10
BRDA:94,9,1,63
BRDA:95,10,0,27
BRDA:95,10,1,36
BRF:21
BRH:21
end_of_record
TN:
SF:src/utils/object/diff.ts
FN:4,(anonymous_1)
FN:6,(anonymous_2)
FN:7,(anonymous_3)
FN:8,(anonymous_4)
FNF:4
FNH:4
FNDA:6,(anonymous_1)
FNDA:3,(anonymous_2)
FNDA:3,(anonymous_3)
FNDA:9,(anonymous_4)
DA:2,1
DA:4,6
DA:6,1
DA:7,3
DA:8,3
DA:9,9
DA:11,6
DA:15,3
LF:8
LH:8
BRDA:6,0,0,2
BRDA:9,1,0,6
BRDA:9,1,1,3
BRF:3
BRH:3
end_of_record
TN:
SF:src/utils/object/index.ts
FNF:0
FNH:0
DA:1,1
DA:2,1
DA:3,1
DA:4,1
LF:4
LH:4
BRF:0
BRH:0
end_of_record
TN:
SF:src/utils/object/keys.ts
FN:1,(anonymous_0)
FNF:1
FNH:1
FNDA:1,(anonymous_0)
DA:1,1
LF:1
LH:1
BRF:0
BRH:0
end_of_record
