{"/Users/brennan-lu/Desktop/voiceflow/libs/packages/common/src/crypto/murmurhash.ts":{"path":"/Users/brennan-lu/Desktop/voiceflow/libs/packages/common/src/crypto/murmurhash.ts","statementMap":{"0":{"start":{"line":2,"column":0},"end":{"line":2,"column":62}},"1":{"start":{"line":3,"column":0},"end":{"line":3,"column":28}},"2":{"start":{"line":4,"column":18},"end":{"line":4,"column":51}},"3":{"start":{"line":5,"column":26},"end":{"line":5,"column":52}},"4":{"start":{"line":8,"column":21},"end":{"line":8,"column":68}},"5":{"start":{"line":9,"column":22},"end":{"line":9,"column":41}},"6":{"start":{"line":10,"column":20},"end":{"line":10,"column":38}},"7":{"start":{"line":11,"column":8},"end":{"line":11,"column":43}},"8":{"start":{"line":14,"column":0},"end":{"line":14,"column":32}},"9":{"start":{"line":15,"column":0},"end":{"line":15,"column":29}}},"fnMap":{"0":{"name":"(anonymous_0)","decl":{"start":{"line":7,"column":4},"end":{"line":7,"column":5}},"loc":{"start":{"line":7,"column":31},"end":{"line":12,"column":5}},"line":7}},"branchMap":{"0":{"loc":{"start":{"line":7,"column":21},"end":{"line":7,"column":29}},"type":"default-arg","locations":[{"start":{"line":7,"column":28},"end":{"line":7,"column":29}}],"line":7}},"s":{"0":1,"1":1,"2":1,"3":1,"4":7,"5":7,"6":7,"7":7,"8":1,"9":1},"f":{"0":7},"b":{"0":[0]},"inputSourceMap":{"version":3,"file":"/Users/brennan-lu/Desktop/voiceflow/libs/packages/common/src/crypto/murmurhash.ts","sources":["/Users/brennan-lu/Desktop/voiceflow/libs/packages/common/src/crypto/murmurhash.ts"],"names":[],"mappings":";;;AAAA,oDAAiD;AACjD,qDAA8C;AAE9C,MAAa,UAAU;IACd,MAAM,CAAC,IAAI,CAAC,GAAW,EAAE,IAAI,GAAG,CAAC;QACtC,MAAM,IAAI,GAAG,6BAAW,CAAC,MAAM,CAAC,GAAG,EAAE,IAAI,CAAC,CAAC;QAC3C,MAAM,KAAK,GAAG,IAAI,CAAC,YAAY,EAAE,CAAC;QAClC,MAAM,GAAG,GAAG,KAAK,CAAC,QAAQ,CAAC,EAAE,CAAC,CAAC;QAE/B,OAAO,IAAA,iBAAO,EAAC,GAAG,CAAC,CAAC;IACtB,CAAC;CACF;AARD,gCAQC;AAED,kBAAe,UAAU,CAAC","sourcesContent":["import { hex2abc } from '@common/crypto/hex2abc';\nimport { MurmurHash3 } from 'murmurhash-wasm';\n\nexport class MurmurHash {\n  public static hash(key: string, seed = 0): string {\n    const hash = MurmurHash3.hash32(key, seed);\n    const value = hash.readUInt32BE();\n    const hex = value.toString(16);\n\n    return hex2abc(hex);\n  }\n}\n\nexport default MurmurHash;\n"]},"_coverageSchema":"1a1c01bbd47fc00a2c39e90264f33305004495a9","hash":"2d5e1c2aee2a43ce76254cf6cc4a1ad168db7033"},"/Users/brennan-lu/Desktop/voiceflow/libs/packages/common/src/crypto/hex2abc.ts":{"path":"/Users/brennan-lu/Desktop/voiceflow/libs/packages/common/src/crypto/hex2abc.ts","statementMap":{"0":{"start":{"line":2,"column":0},"end":{"line":2,"column":62}},"1":{"start":{"line":3,"column":0},"end":{"line":3,"column":25}},"2":{"start":{"line":4,"column":16},"end":{"line":23,"column":1}},"3":{"start":{"line":30,"column":16},"end":{"line":30,"column":102}},"4":{"start":{"line":30,"column":25},"end":{"line":30,"column":102}},"5":{"start":{"line":30,"column":79},"end":{"line":30,"column":92}},"6":{"start":{"line":31,"column":0},"end":{"line":31,"column":26}}},"fnMap":{"0":{"name":"(anonymous_0)","decl":{"start":{"line":30,"column":16},"end":{"line":30,"column":17}},"loc":{"start":{"line":30,"column":25},"end":{"line":30,"column":102}},"line":30},"1":{"name":"(anonymous_1)","decl":{"start":{"line":30,"column":69},"end":{"line":30,"column":70}},"loc":{"start":{"line":30,"column":79},"end":{"line":30,"column":92}},"line":30}},"branchMap":{},"s":{"0":1,"1":1,"2":1,"3":1,"4":7,"5":49,"6":1},"f":{"0":7,"1":49},"b":{},"inputSourceMap":{"version":3,"file":"/Users/brennan-lu/Desktop/voiceflow/libs/packages/common/src/crypto/hex2abc.ts","sources":["/Users/brennan-lu/Desktop/voiceflow/libs/packages/common/src/crypto/hex2abc.ts"],"names":[],"mappings":";;;AAAA,MAAM,OAAO,GAAG;IACd,CAAC,EAAE,GAAG;IACN,CAAC,EAAE,GAAG;IACN,CAAC,EAAE,GAAG;IACN,CAAC,EAAE,GAAG;IACN,CAAC,EAAE,GAAG;IACN,CAAC,EAAE,GAAG;IACN,CAAC,EAAE,GAAG;IACN,CAAC,EAAE,GAAG;IACN,CAAC,EAAE,GAAG;IACN,CAAC,EAAE,GAAG;IACN,CAAC,EAAE,GAAG;IACN,CAAC,EAAE,GAAG;IACN,CAAC,EAAE,GAAG;IACN,CAAC,EAAE,GAAG;IACN,CAAC,EAAE,GAAG;IACN,CAAC,EAAE,GAAG;IAEN,kDAAkD;IAClD,CAAC,EAAE,GAAG;CACE,CAAC;AAEX;;;;;GAKG;AACI,MAAM,OAAO,GAAG,CAAC,GAAW,EAAU,EAAE,CAAC,KAAK,CAAC,SAAS,CAAC,GAAG,CAAC,IAAI,CAAC,GAAG,CAAC,WAAW,EAAE,EAAE,CAAC,IAAI,EAAE,EAAE,CAAC,OAAO,CAAC,IAA4B,CAAC,CAAC,CAAC,IAAI,CAAC,EAAE,CAAC,CAAC;AAAzI,QAAA,OAAO,WAAkI","sourcesContent":["const mapping = {\n  a: 'a',\n  b: 'b',\n  c: 'c',\n  d: 'd',\n  e: 'e',\n  f: 'f',\n  0: 'g',\n  1: 'h',\n  2: 'i',\n  3: 'j',\n  4: 'k',\n  5: 'l',\n  6: 'm',\n  7: 'n',\n  8: 'o',\n  9: 'p',\n\n  // Just in case someone passes a string like 0xabc\n  x: 'x',\n} as const;\n\n/**\n * Turns a hexadecimal string into lowercase alphabetical characters.\n *\n * @param hex - The hexadecimal string to convert\n * @returns A string of lowercase alphabetical characters\n */\nexport const hex2abc = (hex: string): string => Array.prototype.map.call(hex.toLowerCase(), (char) => mapping[char as keyof typeof mapping]).join('');\n"]},"_coverageSchema":"1a1c01bbd47fc00a2c39e90264f33305004495a9","hash":"ded72c5f81b58cf720fc93d56bf1873d7b86e25d"},"/Users/brennan-lu/Desktop/voiceflow/libs/packages/common/src/utils/array.ts":{"path":"/Users/brennan-lu/Desktop/voiceflow/libs/packages/common/src/utils/array.ts","statementMap":{"0":{"start":{"line":2,"column":0},"end":{"line":2,"column":62}},"1":{"start":{"line":3,"column":0},"end":{"line":3,"column":563}},"2":{"start":{"line":4,"column":15},"end":{"line":4,"column":52}},"3":{"start":{"line":4,"column":26},"end":{"line":4,"column":52}},"4":{"start":{"line":5,"column":0},"end":{"line":5,"column":24}},"5":{"start":{"line":6,"column":16},"end":{"line":6,"column":109}},"6":{"start":{"line":6,"column":35},"end":{"line":6,"column":108}},"7":{"start":{"line":7,"column":0},"end":{"line":7,"column":26}},"8":{"start":{"line":8,"column":21},"end":{"line":8,"column":88}},"9":{"start":{"line":8,"column":39},"end":{"line":8,"column":88}},"10":{"start":{"line":9,"column":0},"end":{"line":9,"column":36}},"11":{"start":{"line":10,"column":22},"end":{"line":10,"column":87}},"12":{"start":{"line":10,"column":41},"end":{"line":10,"column":87}},"13":{"start":{"line":10,"column":64},"end":{"line":10,"column":86}},"14":{"start":{"line":11,"column":0},"end":{"line":11,"column":38}},"15":{"start":{"line":12,"column":16},"end":{"line":12,"column":119}},"16":{"start":{"line":12,"column":40},"end":{"line":12,"column":119}},"17":{"start":{"line":13,"column":0},"end":{"line":13,"column":26}},"18":{"start":{"line":14,"column":15},"end":{"line":14,"column":125}},"19":{"start":{"line":14,"column":39},"end":{"line":14,"column":125}},"20":{"start":{"line":15,"column":0},"end":{"line":15,"column":24}},"21":{"start":{"line":16,"column":18},"end":{"line":16,"column":167}},"22":{"start":{"line":16,"column":53},"end":{"line":16,"column":167}},"23":{"start":{"line":17,"column":0},"end":{"line":17,"column":30}},"24":{"start":{"line":18,"column":15},"end":{"line":18,"column":81}},"25":{"start":{"line":18,"column":33},"end":{"line":18,"column":80}},"26":{"start":{"line":19,"column":0},"end":{"line":19,"column":24}},"27":{"start":{"line":20,"column":25},"end":{"line":20,"column":124}},"28":{"start":{"line":20,"column":43},"end":{"line":20,"column":123}},"29":{"start":{"line":21,"column":0},"end":{"line":21,"column":44}},"30":{"start":{"line":22,"column":13},"end":{"line":25,"column":1}},"31":{"start":{"line":23,"column":29},"end":{"line":23,"column":34}},"32":{"start":{"line":24,"column":4},"end":{"line":24,"column":25}},"33":{"start":{"line":26,"column":0},"end":{"line":26,"column":20}},"34":{"start":{"line":27,"column":13},"end":{"line":31,"column":1}},"35":{"start":{"line":28,"column":17},"end":{"line":28,"column":40}},"36":{"start":{"line":29,"column":17},"end":{"line":29,"column":35}},"37":{"start":{"line":30,"column":4},"end":{"line":30,"column":24}},"38":{"start":{"line":32,"column":0},"end":{"line":32,"column":20}},"39":{"start":{"line":33,"column":16},"end":{"line":44,"column":1}},"40":{"start":{"line":34,"column":4},"end":{"line":36,"column":5}},"41":{"start":{"line":35,"column":8},"end":{"line":35,"column":21}},"42":{"start":{"line":37,"column":4},"end":{"line":39,"column":5}},"43":{"start":{"line":38,"column":8},"end":{"line":38,"column":77}},"44":{"start":{"line":40,"column":4},"end":{"line":42,"column":5}},"45":{"start":{"line":41,"column":8},"end":{"line":41,"column":77}},"46":{"start":{"line":43,"column":4},"end":{"line":43,"column":98}},"47":{"start":{"line":45,"column":0},"end":{"line":45,"column":26}},"48":{"start":{"line":46,"column":17},"end":{"line":54,"column":12}},"49":{"start":{"line":46,"column":39},"end":{"line":54,"column":12}},"50":{"start":{"line":47,"column":4},"end":{"line":52,"column":5}},"51":{"start":{"line":48,"column":8},"end":{"line":48,"column":27}},"52":{"start":{"line":51,"column":8},"end":{"line":51,"column":27}},"53":{"start":{"line":53,"column":4},"end":{"line":53,"column":30}},"54":{"start":{"line":55,"column":0},"end":{"line":55,"column":28}},"55":{"start":{"line":56,"column":22},"end":{"line":56,"column":101}},"56":{"start":{"line":56,"column":50},"end":{"line":56,"column":55}},"57":{"start":{"line":56,"column":60},"end":{"line":56,"column":101}},"58":{"start":{"line":56,"column":80},"end":{"line":56,"column":100}},"59":{"start":{"line":57,"column":0},"end":{"line":57,"column":38}},"60":{"start":{"line":58,"column":18},"end":{"line":58,"column":117}},"61":{"start":{"line":58,"column":46},"end":{"line":58,"column":51}},"62":{"start":{"line":58,"column":56},"end":{"line":58,"column":117}},"63":{"start":{"line":59,"column":0},"end":{"line":59,"column":30}},"64":{"start":{"line":60,"column":18},"end":{"line":81,"column":1}},"65":{"start":{"line":62,"column":17},"end":{"line":62,"column":29}},"66":{"start":{"line":63,"column":17},"end":{"line":63,"column":29}},"67":{"start":{"line":64,"column":21},"end":{"line":64,"column":46}},"68":{"start":{"line":65,"column":19},"end":{"line":65,"column":58}},"69":{"start":{"line":67,"column":4},"end":{"line":79,"column":5}},"70":{"start":{"line":68,"column":8},"end":{"line":78,"column":9}},"71":{"start":{"line":69,"column":12},"end":{"line":74,"column":13}},"72":{"start":{"line":70,"column":16},"end":{"line":70,"column":40}},"73":{"start":{"line":73,"column":16},"end":{"line":73,"column":42}},"74":{"start":{"line":77,"column":12},"end":{"line":77,"column":38}},"75":{"start":{"line":80,"column":4},"end":{"line":80,"column":18}},"76":{"start":{"line":82,"column":0},"end":{"line":82,"column":30}},"77":{"start":{"line":83,"column":13},"end":{"line":86,"column":1}},"78":{"start":{"line":84,"column":33},"end":{"line":84,"column":65}},"79":{"start":{"line":85,"column":4},"end":{"line":85,"column":36}},"80":{"start":{"line":87,"column":0},"end":{"line":87,"column":20}},"81":{"start":{"line":88,"column":28},"end":{"line":96,"column":1}},"82":{"start":{"line":89,"column":4},"end":{"line":91,"column":5}},"83":{"start":{"line":90,"column":8},"end":{"line":90,"column":21}},"84":{"start":{"line":92,"column":4},"end":{"line":94,"column":5}},"85":{"start":{"line":93,"column":8},"end":{"line":93,"column":20}},"86":{"start":{"line":95,"column":4},"end":{"line":95,"column":54}},"87":{"start":{"line":95,"column":32},"end":{"line":95,"column":52}},"88":{"start":{"line":97,"column":0},"end":{"line":97,"column":50}},"89":{"start":{"line":98,"column":21},"end":{"line":103,"column":1}},"90":{"start":{"line":99,"column":4},"end":{"line":102,"column":5}},"91":{"start":{"line":99,"column":21},"end":{"line":99,"column":22}},"92":{"start":{"line":101,"column":8},"end":{"line":101,"column":51}},"93":{"start":{"line":104,"column":0},"end":{"line":104,"column":36}},"94":{"start":{"line":105,"column":18},"end":{"line":105,"column":66}},"95":{"start":{"line":105,"column":29},"end":{"line":105,"column":66}},"96":{"start":{"line":106,"column":0},"end":{"line":106,"column":30}},"97":{"start":{"line":107,"column":21},"end":{"line":107,"column":69}},"98":{"start":{"line":107,"column":32},"end":{"line":107,"column":69}},"99":{"start":{"line":108,"column":0},"end":{"line":108,"column":36}},"100":{"start":{"line":110,"column":25},"end":{"line":110,"column":70}},"101":{"start":{"line":110,"column":36},"end":{"line":110,"column":70}},"102":{"start":{"line":111,"column":0},"end":{"line":111,"column":44}},"103":{"start":{"line":113,"column":37},"end":{"line":122,"column":1}},"104":{"start":{"line":114,"column":19},"end":{"line":114,"column":23}},"105":{"start":{"line":115,"column":25},"end":{"line":120,"column":6}},"106":{"start":{"line":116,"column":8},"end":{"line":117,"column":24}},"107":{"start":{"line":117,"column":12},"end":{"line":117,"column":24}},"108":{"start":{"line":118,"column":8},"end":{"line":118,"column":21}},"109":{"start":{"line":119,"column":8},"end":{"line":119,"column":21}},"110":{"start":{"line":121,"column":4},"end":{"line":121,"column":36}},"111":{"start":{"line":123,"column":0},"end":{"line":123,"column":68}},"112":{"start":{"line":124,"column":19},"end":{"line":124,"column":35}},"113":{"start":{"line":124,"column":30},"end":{"line":124,"column":35}},"114":{"start":{"line":125,"column":0},"end":{"line":125,"column":32}},"115":{"start":{"line":126,"column":16},"end":{"line":126,"column":95}},"116":{"start":{"line":126,"column":35},"end":{"line":126,"column":94}},"117":{"start":{"line":127,"column":0},"end":{"line":127,"column":26}},"118":{"start":{"line":153,"column":26},"end":{"line":165,"column":1}},"119":{"start":{"line":154,"column":24},"end":{"line":154,"column":94}},"120":{"start":{"line":154,"column":61},"end":{"line":154,"column":92}},"121":{"start":{"line":155,"column":19},"end":{"line":163,"column":6}},"122":{"start":{"line":156,"column":29},"end":{"line":156,"column":46}},"123":{"start":{"line":157,"column":32},"end":{"line":157,"column":61}},"124":{"start":{"line":158,"column":8},"end":{"line":161,"column":9}},"125":{"start":{"line":159,"column":12},"end":{"line":159,"column":45}},"126":{"start":{"line":160,"column":12},"end":{"line":160,"column":48}},"127":{"start":{"line":162,"column":8},"end":{"line":162,"column":20}},"128":{"start":{"line":164,"column":4},"end":{"line":164,"column":59}},"129":{"start":{"line":166,"column":0},"end":{"line":166,"column":46}}},"fnMap":{"0":{"name":"(anonymous_0)","decl":{"start":{"line":4,"column":15},"end":{"line":4,"column":16}},"loc":{"start":{"line":4,"column":26},"end":{"line":4,"column":52}},"line":4},"1":{"name":"(anonymous_1)","decl":{"start":{"line":6,"column":16},"end":{"line":6,"column":17}},"loc":{"start":{"line":6,"column":35},"end":{"line":6,"column":108}},"line":6},"2":{"name":"(anonymous_2)","decl":{"start":{"line":8,"column":21},"end":{"line":8,"column":22}},"loc":{"start":{"line":8,"column":39},"end":{"line":8,"column":88}},"line":8},"3":{"name":"(anonymous_3)","decl":{"start":{"line":10,"column":22},"end":{"line":10,"column":23}},"loc":{"start":{"line":10,"column":41},"end":{"line":10,"column":87}},"line":10},"4":{"name":"(anonymous_4)","decl":{"start":{"line":10,"column":54},"end":{"line":10,"column":55}},"loc":{"start":{"line":10,"column":64},"end":{"line":10,"column":86}},"line":10},"5":{"name":"(anonymous_5)","decl":{"start":{"line":12,"column":16},"end":{"line":12,"column":17}},"loc":{"start":{"line":12,"column":40},"end":{"line":12,"column":119}},"line":12},"6":{"name":"(anonymous_6)","decl":{"start":{"line":14,"column":15},"end":{"line":14,"column":16}},"loc":{"start":{"line":14,"column":39},"end":{"line":14,"column":125}},"line":14},"7":{"name":"(anonymous_7)","decl":{"start":{"line":16,"column":18},"end":{"line":16,"column":19}},"loc":{"start":{"line":16,"column":53},"end":{"line":16,"column":167}},"line":16},"8":{"name":"(anonymous_8)","decl":{"start":{"line":18,"column":15},"end":{"line":18,"column":16}},"loc":{"start":{"line":18,"column":33},"end":{"line":18,"column":80}},"line":18},"9":{"name":"(anonymous_9)","decl":{"start":{"line":20,"column":25},"end":{"line":20,"column":26}},"loc":{"start":{"line":20,"column":43},"end":{"line":20,"column":123}},"line":20},"10":{"name":"(anonymous_10)","decl":{"start":{"line":22,"column":13},"end":{"line":22,"column":14}},"loc":{"start":{"line":22,"column":24},"end":{"line":25,"column":1}},"line":22},"11":{"name":"(anonymous_11)","decl":{"start":{"line":27,"column":13},"end":{"line":27,"column":14}},"loc":{"start":{"line":27,"column":24},"end":{"line":31,"column":1}},"line":27},"12":{"name":"(anonymous_12)","decl":{"start":{"line":33,"column":16},"end":{"line":33,"column":17}},"loc":{"start":{"line":33,"column":47},"end":{"line":44,"column":1}},"line":33},"13":{"name":"(anonymous_13)","decl":{"start":{"line":46,"column":17},"end":{"line":46,"column":18}},"loc":{"start":{"line":46,"column":39},"end":{"line":54,"column":12}},"line":46},"14":{"name":"(anonymous_14)","decl":{"start":{"line":46,"column":52},"end":{"line":46,"column":53}},"loc":{"start":{"line":46,"column":89},"end":{"line":54,"column":1}},"line":46},"15":{"name":"(anonymous_15)","decl":{"start":{"line":56,"column":22},"end":{"line":56,"column":23}},"loc":{"start":{"line":56,"column":60},"end":{"line":56,"column":101}},"line":56},"16":{"name":"(anonymous_16)","decl":{"start":{"line":56,"column":39},"end":{"line":56,"column":40}},"loc":{"start":{"line":56,"column":50},"end":{"line":56,"column":55}},"line":56},"17":{"name":"(anonymous_17)","decl":{"start":{"line":56,"column":70},"end":{"line":56,"column":71}},"loc":{"start":{"line":56,"column":80},"end":{"line":56,"column":100}},"line":56},"18":{"name":"(anonymous_18)","decl":{"start":{"line":58,"column":18},"end":{"line":58,"column":19}},"loc":{"start":{"line":58,"column":56},"end":{"line":58,"column":117}},"line":58},"19":{"name":"(anonymous_19)","decl":{"start":{"line":58,"column":35},"end":{"line":58,"column":36}},"loc":{"start":{"line":58,"column":46},"end":{"line":58,"column":51}},"line":58},"20":{"name":"(anonymous_20)","decl":{"start":{"line":60,"column":18},"end":{"line":60,"column":19}},"loc":{"start":{"line":60,"column":32},"end":{"line":81,"column":1}},"line":60},"21":{"name":"(anonymous_21)","decl":{"start":{"line":83,"column":13},"end":{"line":83,"column":14}},"loc":{"start":{"line":83,"column":27},"end":{"line":86,"column":1}},"line":83},"22":{"name":"(anonymous_22)","decl":{"start":{"line":88,"column":28},"end":{"line":88,"column":29}},"loc":{"start":{"line":88,"column":42},"end":{"line":96,"column":1}},"line":88},"23":{"name":"(anonymous_23)","decl":{"start":{"line":95,"column":21},"end":{"line":95,"column":22}},"loc":{"start":{"line":95,"column":32},"end":{"line":95,"column":52}},"line":95},"24":{"name":"(anonymous_24)","decl":{"start":{"line":98,"column":21},"end":{"line":98,"column":22}},"loc":{"start":{"line":98,"column":48},"end":{"line":103,"column":1}},"line":98},"25":{"name":"(anonymous_25)","decl":{"start":{"line":105,"column":18},"end":{"line":105,"column":19}},"loc":{"start":{"line":105,"column":29},"end":{"line":105,"column":66}},"line":105},"26":{"name":"(anonymous_26)","decl":{"start":{"line":107,"column":21},"end":{"line":107,"column":22}},"loc":{"start":{"line":107,"column":32},"end":{"line":107,"column":69}},"line":107},"27":{"name":"(anonymous_27)","decl":{"start":{"line":110,"column":25},"end":{"line":110,"column":26}},"loc":{"start":{"line":110,"column":36},"end":{"line":110,"column":70}},"line":110},"28":{"name":"(anonymous_28)","decl":{"start":{"line":113,"column":37},"end":{"line":113,"column":38}},"loc":{"start":{"line":113,"column":55},"end":{"line":122,"column":1}},"line":113},"29":{"name":"(anonymous_29)","decl":{"start":{"line":115,"column":37},"end":{"line":115,"column":38}},"loc":{"start":{"line":115,"column":44},"end":{"line":120,"column":5}},"line":115},"30":{"name":"(anonymous_30)","decl":{"start":{"line":124,"column":19},"end":{"line":124,"column":20}},"loc":{"start":{"line":124,"column":30},"end":{"line":124,"column":35}},"line":124},"31":{"name":"(anonymous_31)","decl":{"start":{"line":126,"column":16},"end":{"line":126,"column":17}},"loc":{"start":{"line":126,"column":35},"end":{"line":126,"column":94}},"line":126},"32":{"name":"(anonymous_32)","decl":{"start":{"line":153,"column":26},"end":{"line":153,"column":27}},"loc":{"start":{"line":153,"column":64},"end":{"line":165,"column":1}},"line":153},"33":{"name":"(anonymous_33)","decl":{"start":{"line":154,"column":45},"end":{"line":154,"column":46}},"loc":{"start":{"line":154,"column":61},"end":{"line":154,"column":92}},"line":154},"34":{"name":"(anonymous_34)","decl":{"start":{"line":155,"column":29},"end":{"line":155,"column":30}},"loc":{"start":{"line":155,"column":42},"end":{"line":163,"column":5}},"line":155}},"branchMap":{"0":{"loc":{"start":{"line":6,"column":35},"end":{"line":6,"column":108}},"type":"cond-expr","locations":[{"start":{"line":6,"column":47},"end":{"line":6,"column":52}},{"start":{"line":6,"column":55},"end":{"line":6,"column":108}}],"line":6},"1":{"loc":{"start":{"line":12,"column":40},"end":{"line":12,"column":119}},"type":"cond-expr","locations":[{"start":{"line":12,"column":52},"end":{"line":12,"column":57}},{"start":{"line":12,"column":60},"end":{"line":12,"column":119}}],"line":12},"2":{"loc":{"start":{"line":14,"column":39},"end":{"line":14,"column":125}},"type":"cond-expr","locations":[{"start":{"line":14,"column":51},"end":{"line":14,"column":67}},{"start":{"line":14,"column":70},"end":{"line":14,"column":125}}],"line":14},"3":{"loc":{"start":{"line":16,"column":53},"end":{"line":16,"column":167}},"type":"cond-expr","locations":[{"start":{"line":16,"column":65},"end":{"line":16,"column":95}},{"start":{"line":16,"column":98},"end":{"line":16,"column":167}}],"line":16},"4":{"loc":{"start":{"line":18,"column":33},"end":{"line":18,"column":80}},"type":"cond-expr","locations":[{"start":{"line":18,"column":56},"end":{"line":18,"column":61}},{"start":{"line":18,"column":64},"end":{"line":18,"column":80}}],"line":18},"5":{"loc":{"start":{"line":20,"column":43},"end":{"line":20,"column":123}},"type":"cond-expr","locations":[{"start":{"line":20,"column":66},"end":{"line":20,"column":104}},{"start":{"line":20,"column":107},"end":{"line":20,"column":123}}],"line":20},"6":{"loc":{"start":{"line":34,"column":4},"end":{"line":36,"column":5}},"type":"if","locations":[{"start":{"line":34,"column":4},"end":{"line":36,"column":5}},{"start":{"line":34,"column":4},"end":{"line":36,"column":5}}],"line":34},"7":{"loc":{"start":{"line":34,"column":8},"end":{"line":34,"column":50}},"type":"binary-expr","locations":[{"start":{"line":34,"column":8},"end":{"line":34,"column":21}},{"start":{"line":34,"column":25},"end":{"line":34,"column":50}}],"line":34},"8":{"loc":{"start":{"line":37,"column":4},"end":{"line":39,"column":5}},"type":"if","locations":[{"start":{"line":37,"column":4},"end":{"line":39,"column":5}},{"start":{"line":37,"column":4},"end":{"line":39,"column":5}}],"line":37},"9":{"loc":{"start":{"line":40,"column":4},"end":{"line":42,"column":5}},"type":"if","locations":[{"start":{"line":40,"column":4},"end":{"line":42,"column":5}},{"start":{"line":40,"column":4},"end":{"line":42,"column":5}}],"line":40},"10":{"loc":{"start":{"line":47,"column":4},"end":{"line":52,"column":5}},"type":"if","locations":[{"start":{"line":47,"column":4},"end":{"line":52,"column":5}},{"start":{"line":47,"column":4},"end":{"line":52,"column":5}}],"line":47},"11":{"loc":{"start":{"line":56,"column":30},"end":{"line":56,"column":55}},"type":"default-arg","locations":[{"start":{"line":56,"column":39},"end":{"line":56,"column":55}}],"line":56},"12":{"loc":{"start":{"line":58,"column":26},"end":{"line":58,"column":51}},"type":"default-arg","locations":[{"start":{"line":58,"column":35},"end":{"line":58,"column":51}}],"line":58},"13":{"loc":{"start":{"line":68,"column":8},"end":{"line":78,"column":9}},"type":"if","locations":[{"start":{"line":68,"column":8},"end":{"line":78,"column":9}},{"start":{"line":68,"column":8},"end":{"line":78,"column":9}}],"line":68},"14":{"loc":{"start":{"line":69,"column":12},"end":{"line":74,"column":13}},"type":"if","locations":[{"start":{"line":69,"column":12},"end":{"line":74,"column":13}},{"start":{"line":69,"column":12},"end":{"line":74,"column":13}}],"line":69},"15":{"loc":{"start":{"line":89,"column":4},"end":{"line":91,"column":5}},"type":"if","locations":[{"start":{"line":89,"column":4},"end":{"line":91,"column":5}},{"start":{"line":89,"column":4},"end":{"line":91,"column":5}}],"line":89},"16":{"loc":{"start":{"line":92,"column":4},"end":{"line":94,"column":5}},"type":"if","locations":[{"start":{"line":92,"column":4},"end":{"line":94,"column":5}},{"start":{"line":92,"column":4},"end":{"line":94,"column":5}}],"line":92},"17":{"loc":{"start":{"line":92,"column":8},"end":{"line":92,"column":34}},"type":"binary-expr","locations":[{"start":{"line":92,"column":8},"end":{"line":92,"column":19}},{"start":{"line":92,"column":23},"end":{"line":92,"column":34}}],"line":92},"18":{"loc":{"start":{"line":105,"column":29},"end":{"line":105,"column":66}},"type":"binary-expr","locations":[{"start":{"line":105,"column":29},"end":{"line":105,"column":43}},{"start":{"line":105,"column":47},"end":{"line":105,"column":66}}],"line":105},"19":{"loc":{"start":{"line":107,"column":32},"end":{"line":107,"column":69}},"type":"binary-expr","locations":[{"start":{"line":107,"column":32},"end":{"line":107,"column":46}},{"start":{"line":107,"column":50},"end":{"line":107,"column":69}}],"line":107},"20":{"loc":{"start":{"line":116,"column":8},"end":{"line":117,"column":24}},"type":"if","locations":[{"start":{"line":116,"column":8},"end":{"line":117,"column":24}},{"start":{"line":116,"column":8},"end":{"line":117,"column":24}}],"line":116},"21":{"loc":{"start":{"line":126,"column":35},"end":{"line":126,"column":94}},"type":"cond-expr","locations":[{"start":{"line":126,"column":65},"end":{"line":126,"column":77}},{"start":{"line":126,"column":80},"end":{"line":126,"column":94}}],"line":126},"22":{"loc":{"start":{"line":158,"column":8},"end":{"line":161,"column":9}},"type":"if","locations":[{"start":{"line":158,"column":8},"end":{"line":161,"column":9}},{"start":{"line":158,"column":8},"end":{"line":161,"column":9}}],"line":158}},"s":{"0":1,"1":1,"2":1,"3":2,"4":1,"5":1,"6":19,"7":1,"8":1,"9":4,"10":1,"11":1,"12":4,"13":12,"14":1,"15":1,"16":3,"17":1,"18":1,"19":11,"20":1,"21":1,"22":4,"23":1,"24":1,"25":3,"26":1,"27":1,"28":2,"29":1,"30":1,"31":3,"32":3,"33":1,"34":1,"35":3,"36":3,"37":3,"38":1,"39":1,"40":11,"41":2,"42":9,"43":2,"44":7,"45":1,"46":6,"47":1,"48":1,"49":1,"50":8,"51":4,"52":4,"53":8,"54":1,"55":1,"56":0,"57":2,"58":6,"59":1,"60":1,"61":0,"62":1,"63":1,"64":1,"65":2,"66":2,"67":2,"68":2,"69":2,"70":16,"71":8,"72":4,"73":4,"74":8,"75":2,"76":1,"77":1,"78":1,"79":1,"80":1,"81":1,"82":4,"83":2,"84":2,"85":1,"86":1,"87":3,"88":1,"89":1,"90":0,"91":0,"92":0,"93":1,"94":1,"95":3,"96":1,"97":1,"98":9,"99":1,"100":1,"101":3,"102":1,"103":1,"104":3,"105":3,"106":6,"107":5,"108":1,"109":1,"110":3,"111":1,"112":1,"113":0,"114":1,"115":1,"116":2,"117":1,"118":1,"119":1,"120":2,"121":1,"122":1,"123":1,"124":1,"125":1,"126":1,"127":0,"128":1,"129":1},"f":{"0":2,"1":19,"2":4,"3":4,"4":12,"5":3,"6":11,"7":4,"8":3,"9":2,"10":3,"11":3,"12":11,"13":1,"14":8,"15":2,"16":0,"17":6,"18":1,"19":0,"20":2,"21":1,"22":4,"23":3,"24":0,"25":3,"26":9,"27":3,"28":3,"29":6,"30":0,"31":2,"32":1,"33":2,"34":1},"b":{"0":[4,15],"1":[1,2],"2":[1,10],"3":[1,3],"4":[1,2],"5":[1,1],"6":[2,9],"7":[11,10],"8":[2,7],"9":[1,6],"10":[4,4],"11":[0],"12":[0],"13":[8,8],"14":[4,4],"15":[2,2],"16":[1,1],"17":[2,1],"18":[3,2],"19":[9,6],"20":[5,1],"21":[1,1],"22":[1,0]},"inputSourceMap":{"version":3,"file":"/Users/brennan-lu/Desktop/voiceflow/libs/packages/common/src/utils/array.ts","sources":["/Users/brennan-lu/Desktop/voiceflow/libs/packages/common/src/utils/array.ts"],"names":[],"mappings":";;;AAEO,MAAM,MAAM,GAAG,CAAI,KAAU,EAAO,EAAE,CAAC,KAAK,CAAC,IAAI,CAAC,IAAI,GAAG,CAAC,KAAK,CAAC,CAAC,CAAC;AAA5D,QAAA,MAAM,UAAsD;AAElE,MAAM,OAAO,GAAG,CAAI,KAAU,EAAE,KAAa,EAAO,EAAE,CAAC,CAAC,KAAK,GAAG,CAAC,CAAC,CAAC,CAAC,KAAK,CAAC,CAAC,CAAC,CAAC,GAAG,KAAK,CAAC,KAAK,CAAC,CAAC,EAAE,KAAK,CAAC,EAAE,GAAG,KAAK,CAAC,KAAK,CAAC,KAAK,GAAG,CAAC,CAAC,CAAC,CAAC,CAAC;AAA7H,QAAA,OAAO,WAAsH;AAEnI,MAAM,YAAY,GAAG,CAAI,KAAU,EAAE,KAAQ,EAAO,EAAE,CAAC,IAAA,eAAO,EAAC,KAAK,EAAE,KAAK,CAAC,OAAO,CAAC,KAAK,CAAC,CAAC,CAAC;AAAtF,QAAA,YAAY,gBAA0E;AAE5F,MAAM,aAAa,GAAG,CAAI,KAAU,EAAE,MAAW,EAAO,EAAE,CAAC,KAAK,CAAC,MAAM,CAAC,CAAC,IAAI,EAAE,EAAE,CAAC,CAAC,MAAM,CAAC,QAAQ,CAAC,IAAI,CAAC,CAAC,CAAC;AAApG,QAAA,aAAa,iBAAuF;AAE1G,MAAM,OAAO,GAAG,CAAI,KAAU,EAAE,KAAa,EAAE,IAAO,EAAO,EAAE,CACpE,KAAK,GAAG,CAAC,CAAC,CAAC,CAAC,KAAK,CAAC,CAAC,CAAC,CAAC,GAAG,KAAK,CAAC,KAAK,CAAC,CAAC,EAAE,KAAK,CAAC,EAAE,IAAI,EAAE,GAAG,KAAK,CAAC,KAAK,CAAC,KAAK,GAAG,CAAC,CAAC,CAAC,CAAC;AADrE,QAAA,OAAO,WAC8D;AAE3E,MAAM,MAAM,GAAG,CAAI,KAAU,EAAE,KAAa,EAAE,IAAO,EAAO,EAAE,CACnE,KAAK,GAAG,CAAC,CAAC,CAAC,CAAC,CAAC,IAAI,EAAE,GAAG,KAAK,CAAC,CAAC,CAAC,CAAC,CAAC,GAAG,KAAK,CAAC,KAAK,CAAC,CAAC,EAAE,KAAK,CAAC,EAAE,IAAI,EAAE,GAAG,KAAK,CAAC,KAAK,CAAC,KAAK,CAAC,CAAC,CAAC;AAD5E,QAAA,MAAM,UACsE;AAElF,MAAM,SAAS,GAAG,CAAI,KAAU,EAAE,KAAa,EAAE,eAAoB,EAAO,EAAE,CACnF,KAAK,GAAG,CAAC,CAAC,CAAC,CAAC,CAAC,GAAG,eAAe,EAAE,GAAG,KAAK,CAAC,CAAC,CAAC,CAAC,CAAC,GAAG,KAAK,CAAC,KAAK,CAAC,CAAC,EAAE,KAAK,CAAC,EAAE,GAAG,eAAe,EAAE,GAAG,KAAK,CAAC,KAAK,CAAC,KAAK,CAAC,CAAC,CAAC;AADxG,QAAA,SAAS,aAC+F;AAE9G,MAAM,MAAM,GAAG,CAAI,KAAU,EAAE,IAAO,EAAO,EAAE,CAAC,CAAC,KAAK,CAAC,QAAQ,CAAC,IAAI,CAAC,CAAC,CAAC,CAAC,KAAK,CAAC,CAAC,CAAC,CAAC,GAAG,KAAK,EAAE,IAAI,CAAC,CAAC,CAAC;AAA5F,QAAA,MAAM,UAAsF;AAElG,MAAM,gBAAgB,GAAG,CAAI,KAAU,EAAE,IAAO,EAAO,EAAE,CAAC,CAAC,KAAK,CAAC,QAAQ,CAAC,IAAI,CAAC,CAAC,CAAC,CAAC,IAAA,oBAAY,EAAC,KAAK,EAAE,IAAI,CAAC,CAAC,CAAC,CAAC,CAAC,GAAG,KAAK,EAAE,IAAI,CAAC,CAAC,CAAC;AAA1H,QAAA,gBAAgB,oBAA0G;AAEhI,MAAM,IAAI,GAAG,CAAI,KAAU,EAAY,EAAE;IAC9C,MAAM,CAAC,KAAK,EAAE,GAAG,IAAI,CAAC,GAAG,KAAK,CAAC;IAC/B,OAAO,CAAC,KAAK,EAAE,IAAI,CAAC,CAAC;AACvB,CAAC,CAAC;AAHW,QAAA,IAAI,QAGf;AAEK,MAAM,IAAI,GAAG,CAAI,KAAU,EAAY,EAAE;IAC9C,MAAM,IAAI,GAAG,KAAK,CAAC,KAAK,CAAC,MAAM,GAAG,CAAC,CAAC,CAAC;IACrC,MAAM,IAAI,GAAG,KAAK,CAAC,KAAK,CAAC,CAAC,EAAE,CAAC,CAAC,CAAC,CAAC;IAChC,OAAO,CAAC,IAAI,EAAE,IAAI,CAAC,CAAC;AACtB,CAAC,CAAC;AAJW,QAAA,IAAI,QAIf;AAEK,MAAM,OAAO,GAAG,CAAI,KAAU,EAAE,SAAiB,EAAE,OAAe,EAAO,EAAE;IAChF,IAAI,SAAS,GAAG,CAAC,IAAI,SAAS,IAAI,KAAK,CAAC,MAAM,EAAE;QAC9C,OAAO,KAAK,CAAC;KACd;IAED,IAAI,OAAO,IAAI,CAAC,EAAE;QAChB,OAAO,CAAC,KAAK,CAAC,SAAS,CAAC,EAAE,GAAG,IAAA,eAAO,EAAC,KAAK,EAAE,SAAS,CAAC,CAAC,CAAC;KACzD;IAED,IAAI,OAAO,IAAI,KAAK,CAAC,MAAM,EAAE;QAC3B,OAAO,CAAC,GAAG,IAAA,eAAO,EAAC,KAAK,EAAE,SAAS,CAAC,EAAE,KAAK,CAAC,SAAS,CAAC,CAAC,CAAC;KACzD;IAED,OAAO,IAAA,cAAM,EAAC,IAAA,eAAO,EAAC,KAAK,EAAE,SAAS,CAAC,EAAE,OAAO,EAAE,KAAK,CAAC,SAAS,CAAC,CAAC,CAAC;AACtE,CAAC,CAAC;AAdW,QAAA,OAAO,WAclB;AAEK,MAAM,QAAQ,GAAG,CAAI,KAAU,EAAE,SAA8C,EAAc,EAAE,CACpG,KAAK,CAAC,MAAM,CACV,CAAC,CAAC,OAAO,EAAE,OAAO,CAAC,EAAE,IAAI,EAAE,KAAK,EAAE,EAAE;IAClC,IAAI,SAAS,CAAC,IAAI,EAAE,KAAK,CAAC,EAAE;QAC1B,OAAO,CAAC,IAAI,CAAC,IAAI,CAAC,CAAC;KACpB;SAAM;QACL,OAAO,CAAC,IAAI,CAAC,IAAI,CAAC,CAAC;KACpB;IAED,OAAO,CAAC,OAAO,EAAE,OAAO,CAAC,CAAC;AAC5B,CAAC,EACD,CAAC,EAAE,EAAE,EAAE,CAAC,CACT,CAAC;AAZS,QAAA,QAAQ,YAYjB;AAYG,MAAM,aAAa,GAAkB,CAAC,KAAyB,EAAE,SAAS,CAAC,KAAc,EAAE,EAAE,CAAC,KAAK,EAAE,EAAE,CAC5G,KAAK,CAAC,GAAG,CAAC,CAAC,IAAI,EAAE,EAAE,CAAC,CAAC,MAAM,CAAC,IAAI,CAAC,EAAE,IAAI,CAAU,CAAC,CAAC;AADxC,QAAA,aAAa,iBAC2B;AAE9C,MAAM,SAAS,GAAc,CAAC,KAAqB,EAAE,SAAS,CAAC,KAAU,EAAE,EAAE,CAAC,KAAK,EAAE,EAAE,CAAC,MAAM,CAAC,WAAW,CAAC,IAAA,qBAAa,EAAC,KAAK,EAAE,MAAM,CAAC,CAAC,CAAC;AAAnI,QAAA,SAAS,aAA0H;AAEzI,MAAM,SAAS,GAAG,CAAI,GAAQ,EAAE,GAAQ,EAA8C,EAAE;IAC7F,kDAAkD;IAClD,MAAM,IAAI,GAAG,IAAI,GAAG,CAAC,GAAG,CAAC,CAAC;IAC1B,MAAM,IAAI,GAAG,IAAI,GAAG,CAAC,GAAG,CAAC,CAAC;IAC1B,MAAM,QAAQ,GAAG,IAAI,GAAG,CAAC,CAAC,GAAG,GAAG,EAAE,GAAG,GAAG,CAAC,CAAC,CAAC;IAE3C,MAAM,MAAM,GAAG,EAAE,OAAO,EAAE,EAAS,EAAE,OAAO,EAAE,EAAS,EAAE,KAAK,EAAE,EAAS,EAAE,CAAC;IAE5E,gDAAgD;IAChD,KAAK,MAAM,IAAI,IAAI,QAAQ,EAAE;QAC3B,IAAI,IAAI,CAAC,GAAG,CAAC,IAAI,CAAC,EAAE;YAClB,IAAI,IAAI,CAAC,GAAG,CAAC,IAAI,CAAC,EAAE;gBAClB,MAAM,CAAC,KAAK,CAAC,IAAI,CAAC,IAAI,CAAC,CAAC;aACzB;iBAAM;gBACL,MAAM,CAAC,OAAO,CAAC,IAAI,CAAC,IAAI,CAAC,CAAC;aAC3B;SACF;aAAM;YACL,MAAM,CAAC,OAAO,CAAC,IAAI,CAAC,IAAI,CAAC,CAAC;SAC3B;KACF;IAED,OAAO,MAAM,CAAC;AAChB,CAAC,CAAC;AAtBW,QAAA,SAAS,aAsBpB;AAEK,MAAM,IAAI,GAAG,CAAI,GAAQ,EAAE,GAAQ,EAAO,EAAE;IACjD,MAAM,EAAE,OAAO,EAAE,OAAO,EAAE,GAAG,IAAA,iBAAS,EAAC,GAAG,EAAE,GAAG,CAAC,CAAC;IAEjD,OAAO,CAAC,GAAG,OAAO,EAAE,GAAG,OAAO,CAAC,CAAC;AAClC,CAAC,CAAC;AAJW,QAAA,IAAI,QAIf;AAEK,MAAM,mBAAmB,GAAG,CAAI,GAAQ,EAAE,GAAQ,EAAW,EAAE;IACpE,IAAI,GAAG,CAAC,MAAM,KAAK,GAAG,CAAC,MAAM,EAAE;QAC7B,OAAO,KAAK,CAAC;KACd;IAED,IAAI,CAAC,GAAG,CAAC,MAAM,IAAI,CAAC,GAAG,CAAC,MAAM,EAAE;QAC9B,OAAO,IAAI,CAAC;KACb;IAED,OAAO,CAAC,GAAG,CAAC,IAAI,CAAC,CAAC,KAAK,EAAE,EAAE,CAAC,CAAC,GAAG,CAAC,QAAQ,CAAC,KAAK,CAAC,CAAC,CAAC;AACpD,CAAC,CAAC;AAVW,QAAA,mBAAmB,uBAU9B;AAEK,MAAM,YAAY,GAAG,KAAK,EAAK,KAAU,EAAE,QAA+D,EAAiB,EAAE;IAClI,KAAK,IAAI,KAAK,GAAG,CAAC,EAAE,KAAK,GAAG,KAAK,CAAC,MAAM,EAAE,KAAK,EAAE,EAAE;QACjD,4DAA4D;QAC5D,MAAM,QAAQ,CAAC,KAAK,CAAC,KAAK,CAAC,EAAE,KAAK,EAAE,KAAK,CAAC,CAAC;KAC5C;AACH,CAAC,CAAC;AALW,QAAA,YAAY,gBAKvB;AAEK,MAAM,SAAS,GAAG,CAAC,KAAc,EAAoB,EAAE,CAAC,KAAK,KAAK,IAAI,IAAI,KAAK,KAAK,SAAS,CAAC;AAAxF,QAAA,SAAS,aAA+E;AAE9F,MAAM,YAAY,GAAG,CAAI,KAAQ,EAA2B,EAAE,CAAC,KAAK,KAAK,IAAI,IAAI,KAAK,KAAK,SAAS,CAAC;AAA/F,QAAA,YAAY,gBAAmF;AAE5G,4DAA4D;AACrD,MAAM,gBAAgB,GAAG,CAAI,KAAmB,EAAyB,EAAE,CAAC,KAAK,CAAC,MAAM,CAAC,oBAAY,CAAC,CAAC;AAAjG,QAAA,gBAAgB,oBAAiF;AAE9G,0DAA0D;AACnD,MAAM,4BAA4B,GAAG,CAAI,IAAS,EAAE,MAA4B,EAAmB,EAAE;IAC1G,IAAI,QAAQ,GAAa,IAAI,CAAC;IAE9B,MAAM,YAAY,GAAG,IAAI,CAAC,MAAM,CAAC,CAAC,CAAC,EAAE,EAAE;QACrC,IAAI,MAAM,CAAC,CAAC,CAAC;YAAE,OAAO,IAAI,CAAC;QAE3B,QAAQ,GAAG,CAAC,CAAC;QAEb,OAAO,KAAK,CAAC;IACf,CAAC,CAAC,CAAC;IAEH,OAAO,CAAC,YAAY,EAAE,QAAQ,CAAC,CAAC;AAClC,CAAC,CAAC;AAZW,QAAA,4BAA4B,gCAYvC;AAEK,MAAM,UAAU,GAAG,CAA+B,KAAQ,EAA+B,EAAE,CAAC,KAA+C,CAAC;AAAtI,QAAA,UAAU,cAA4H;AAE5I,MAAM,OAAO,GAAG,CAAI,YAAqB,EAAO,EAAE,CAAC,CAAC,KAAK,CAAC,OAAO,CAAC,YAAY,CAAC,CAAC,CAAC,CAAC,YAAY,CAAC,CAAC,CAAC,CAAC,YAAY,CAAC,CAAC,CAAC;AAA3G,QAAA,OAAO,WAAoG;AAExH;;;;;;;;;;;;;;;;;;;;;;;;GAwBG;AACI,MAAM,iBAAiB,GAAG,CAC/B,KAAU,EACV,QAAa,EACb,QAA4C,EAC5C,KAAgC,EAC3B,EAAE;IACP,MAAM,WAAW,GAAG,IAAI,GAAG,CAAC,QAAQ,CAAC,GAAG,CAAC,CAAC,OAAO,EAAE,CAAC,EAAE,EAAE,CAAC,CAAC,QAAQ,CAAC,OAAO,EAAE,CAAC,CAAC,EAAE,OAAO,CAAC,CAAC,CAAC,CAAC;IAE3F,MAAM,MAAM,GAAG,KAAK,CAAC,GAAG,CAAC,CAAC,IAAI,EAAE,CAAC,EAAE,EAAE;QACnC,MAAM,YAAY,GAAG,QAAQ,CAAC,IAAI,EAAE,CAAC,CAAC,CAAC;QAEvC,MAAM,eAAe,GAAG,WAAW,CAAC,GAAG,CAAC,YAAY,CAAC,CAAC;QACtD,IAAI,eAAe,EAAE;YACnB,WAAW,CAAC,MAAM,CAAC,YAAY,CAAC,CAAC;YAEjC,OAAO,KAAK,CAAC,IAAI,EAAE,eAAe,CAAC,CAAC;SACrC;QACD,OAAO,IAAI,CAAC;IACd,CAAC,CAAC,CAAC;IAEH,OAAO,MAAM,CAAC,MAAM,CAAC,KAAK,CAAC,IAAI,CAAC,WAAW,CAAC,MAAM,EAAE,CAAC,CAAC,CAAC;AACzD,CAAC,CAAC;AArBW,QAAA,iBAAiB,qBAqB5B","sourcesContent":["import { AnyRecord, ArrayUnionToIntersection, Nullish, PrimitiveMap } from '@common/types';\n\nexport const unique = <T>(items: T[]): T[] => Array.from(new Set(items));\n\nexport const without = <T>(items: T[], index: number): T[] => (index < 0 ? items : [...items.slice(0, index), ...items.slice(index + 1)]);\n\nexport const withoutValue = <T>(items: T[], value: T): T[] => without(items, items.indexOf(value));\n\nexport const withoutValues = <T>(items: T[], values: T[]): T[] => items.filter((item) => !values.includes(item));\n\nexport const replace = <T>(items: T[], index: number, item: T): T[] =>\n  index < 0 ? items : [...items.slice(0, index), item, ...items.slice(index + 1)];\n\nexport const insert = <T>(items: T[], index: number, item: T): T[] =>\n  index < 0 ? [item, ...items] : [...items.slice(0, index), item, ...items.slice(index)];\n\nexport const insertAll = <T>(items: T[], index: number, additionalItems: T[]): T[] =>\n  index < 0 ? [...additionalItems, ...items] : [...items.slice(0, index), ...additionalItems, ...items.slice(index)];\n\nexport const append = <T>(items: T[], item: T): T[] => (items.includes(item) ? items : [...items, item]);\n\nexport const toggleMembership = <T>(items: T[], item: T): T[] => (items.includes(item) ? withoutValue(items, item) : [...items, item]);\n\nexport const head = <T>(items: T[]): [T, T[]] => {\n  const [first, ...rest] = items;\n  return [first, rest];\n};\n\nexport const tail = <T>(items: T[]): [T[], T] => {\n  const last = items[items.length - 1];\n  const rest = items.slice(0, -1);\n  return [rest, last];\n};\n\nexport const reorder = <T>(items: T[], fromIndex: number, toIndex: number): T[] => {\n  if (fromIndex < 0 || fromIndex >= items.length) {\n    return items;\n  }\n\n  if (toIndex <= 0) {\n    return [items[fromIndex], ...without(items, fromIndex)];\n  }\n\n  if (toIndex >= items.length) {\n    return [...without(items, fromIndex), items[fromIndex]];\n  }\n\n  return insert(without(items, fromIndex), toIndex, items[fromIndex]);\n};\n\nexport const separate = <T>(items: T[], predicate: (item: T, index: number) => boolean): [T[], T[]] =>\n  items.reduce<[T[], T[]]>(\n    ([passAcc, failAcc], item, index) => {\n      if (predicate(item, index)) {\n        passAcc.push(item);\n      } else {\n        failAcc.push(item);\n      }\n\n      return [passAcc, failAcc];\n    },\n    [[], []]\n  );\n\ninterface CreateEntries {\n  <T extends PropertyKey>(array: readonly T[]): Array<readonly [T, T]>;\n  <T extends AnyRecord, K extends PropertyKey = string>(array: readonly T[], getKey: (value: T) => K): Array<readonly [K, T]>;\n}\n\ninterface CreateMap {\n  <T extends PropertyKey>(array: readonly T[]): PrimitiveMap<T>;\n  <T extends AnyRecord, K extends PropertyKey = string>(array: readonly T[], getKey: (value: T) => K): Record<K, T>;\n}\n\nexport const createEntries: CreateEntries = (array: readonly unknown[], getKey = (value: unknown) => value) =>\n  array.map((item) => [getKey(item), item] as const);\n\nexport const createMap: CreateMap = (array: readonly any[], getKey = (value: any) => value) => Object.fromEntries(createEntries(array, getKey));\n\nexport const findUnion = <T>(lhs: T[], rhs: T[]): { rhsOnly: T[]; lhsOnly: T[]; union: T[] } => {\n  // using sets instead of arrays since .has is O(1)\n  const lSet = new Set(lhs);\n  const rSet = new Set(rhs);\n  const unionSet = new Set([...lhs, ...rhs]);\n\n  const result = { rhsOnly: [] as T[], lhsOnly: [] as T[], union: [] as T[] };\n\n  // eslint-disable-next-line no-restricted-syntax\n  for (const item of unionSet) {\n    if (lSet.has(item)) {\n      if (rSet.has(item)) {\n        result.union.push(item);\n      } else {\n        result.lhsOnly.push(item);\n      }\n    } else {\n      result.rhsOnly.push(item);\n    }\n  }\n\n  return result;\n};\n\nexport const diff = <T>(lhs: T[], rhs: T[]): T[] => {\n  const { lhsOnly, rhsOnly } = findUnion(lhs, rhs);\n\n  return [...lhsOnly, ...rhsOnly];\n};\n\nexport const hasIdenticalMembers = <T>(lhs: T[], rhs: T[]): boolean => {\n  if (lhs.length !== rhs.length) {\n    return false;\n  }\n\n  if (!lhs.length && !rhs.length) {\n    return true;\n  }\n\n  return !lhs.some((value) => !rhs.includes(value));\n};\n\nexport const asyncForEach = async <T>(array: T[], callback: (item: T, index: number, array: T[]) => Promise<void>): Promise<void> => {\n  for (let index = 0; index < array.length; index++) {\n    // eslint-disable-next-line callback-return,no-await-in-loop\n    await callback(array[index], index, array);\n  }\n};\n\nexport const isNullish = (value: unknown): value is Nullish => value === null || value === undefined;\n\nexport const isNotNullish = <T>(value: T): value is NonNullable<T> => value !== null && value !== undefined;\n\n/** @deprecated Use `array.filter(isNotNullish)` instead. */\nexport const filterOutNullish = <T>(items: readonly T[]): Array<NonNullable<T>> => items.filter(isNotNullish);\n\n// mostly just saves us needing to traverse an array twice\nexport const filterAndGetLastRemovedValue = <T>(list: T[], filter: (item: T) => boolean): [T[], T | null] => {\n  let lastItem: T | null = null;\n\n  const filteredList = list.filter((a) => {\n    if (filter(a)) return true;\n\n    lastItem = a;\n\n    return false;\n  });\n\n  return [filteredList, lastItem];\n};\n\nexport const inferUnion = <T extends ArrayLike<unknown>>(array: T): ArrayUnionToIntersection<T> => array as unknown as ArrayUnionToIntersection<T>;\n\nexport const toArray = <T>(valueOrArray: T | T[]): T[] => (Array.isArray(valueOrArray) ? valueOrArray : [valueOrArray]);\n\n/**\n * Merge together two arrays, if two items have the same identity based on the {@link identify} function\n * they will be merged together using the {@link merge} function provided.\n * @param items Array of items as a starting base.\n * @param newItems Array of items to merge in.\n * @param identify Function returning how to identify an item in the array\n * @param merge Function given two matching item identifiers, returning a single merged result\n * @example\n * const existingItems = [{a: 1, b: [1, 2, 3]}, {a: 2, b: [4]}];\n * const newItems = [{a: 1, b: [5]}, {a: 3, b: [6, 7]}];\n *\n * const items = mergeByIdentifier(\n *   existingItems,\n *   newItems,\n *   (item) => item.a,\n *   (existingItem, newItem) => {\n *     return {\n *       ...existingItem,\n *       b: [...existingItem.b, ...newItem.b]\n *     }\n *   }\n * );\n *\n * items == [{a: 1, b: [1, 2, 3, 5]}, {a: 2, b: [4]}, {a: 3, b: [6, 7]}];\n */\nexport const mergeByIdentifier = <T>(\n  items: T[],\n  newItems: T[],\n  identify: (item: T, index: number) => string,\n  merge: (item1: T, item2: T) => T\n): T[] => {\n  const newItemsMap = new Map(newItems.map((newItem, i) => [identify(newItem, i), newItem]));\n\n  const result = items.map((item, i) => {\n    const itemIdentity = identify(item, i);\n\n    const matchingNewItem = newItemsMap.get(itemIdentity);\n    if (matchingNewItem) {\n      newItemsMap.delete(itemIdentity);\n\n      return merge(item, matchingNewItem);\n    }\n    return item;\n  });\n\n  return result.concat(Array.from(newItemsMap.values()));\n};\n"]},"_coverageSchema":"1a1c01bbd47fc00a2c39e90264f33305004495a9","hash":"9657a61f85bacefc573a07915daf4e336d53ce3a"},"/Users/brennan-lu/Desktop/voiceflow/libs/packages/common/src/utils/emails.ts":{"path":"/Users/brennan-lu/Desktop/voiceflow/libs/packages/common/src/utils/emails.ts","statementMap":{"0":{"start":{"line":2,"column":0},"end":{"line":2,"column":62}},"1":{"start":{"line":3,"column":0},"end":{"line":3,"column":55}},"2":{"start":{"line":4,"column":15},"end":{"line":4,"column":135}},"3":{"start":{"line":5,"column":21},"end":{"line":5,"column":72}},"4":{"start":{"line":5,"column":32},"end":{"line":5,"column":72}},"5":{"start":{"line":6,"column":0},"end":{"line":6,"column":36}},"6":{"start":{"line":7,"column":23},"end":{"line":7,"column":86}},"7":{"start":{"line":7,"column":34},"end":{"line":7,"column":86}},"8":{"start":{"line":8,"column":0},"end":{"line":8,"column":40}}},"fnMap":{"0":{"name":"(anonymous_0)","decl":{"start":{"line":5,"column":21},"end":{"line":5,"column":22}},"loc":{"start":{"line":5,"column":32},"end":{"line":5,"column":72}},"line":5},"1":{"name":"(anonymous_1)","decl":{"start":{"line":7,"column":23},"end":{"line":7,"column":24}},"loc":{"start":{"line":7,"column":34},"end":{"line":7,"column":86}},"line":7}},"branchMap":{"0":{"loc":{"start":{"line":5,"column":32},"end":{"line":5,"column":72}},"type":"binary-expr","locations":[{"start":{"line":5,"column":32},"end":{"line":5,"column":50}},{"start":{"line":5,"column":54},"end":{"line":5,"column":72}}],"line":5}},"s":{"0":1,"1":1,"2":1,"3":1,"4":9,"5":1,"6":1,"7":3,"8":1},"f":{"0":9,"1":3},"b":{"0":[9,9]},"inputSourceMap":{"version":3,"file":"/Users/brennan-lu/Desktop/voiceflow/libs/packages/common/src/utils/emails.ts","sources":["/Users/brennan-lu/Desktop/voiceflow/libs/packages/common/src/utils/emails.ts"],"names":[],"mappings":";;;AAAA,MAAM,MAAM,GAAG,wHAAwH,CAAC;AAEjI,MAAM,YAAY,GAAG,CAAC,KAAa,EAAW,EAAE,CAAC,KAAK,CAAC,MAAM,GAAG,GAAG,IAAI,MAAM,CAAC,IAAI,CAAC,KAAK,CAAC,CAAC;AAApF,QAAA,YAAY,gBAAwE;AAE1F,MAAM,cAAc,GAAG,CAAC,KAAa,EAAU,EAAE,CAAC,KAAK,CAAC,KAAK,CAAC,IAAI,CAAC,GAAG,CAAC,CAAC,EAAE,KAAK,CAAC,WAAW,CAAC,GAAG,CAAC,GAAG,CAAC,CAAC,CAAC,CAAC;AAAjG,QAAA,cAAc,kBAAmF","sourcesContent":["const FORMAT = /^[\\w!#$%&'*+./=?^`{|}~-]+@[\\dA-Za-z](?:[\\dA-Za-z-]{0,61}[\\dA-Za-z])?(?:\\.[\\dA-Za-z](?:[\\dA-Za-z-]{0,61}[\\dA-Za-z])?)*$/;\n\nexport const isValidEmail = (email: string): boolean => email.length < 320 && FORMAT.test(email);\n\nexport const getEmailDomain = (email: string): string => email.slice(Math.max(0, email.lastIndexOf('@') + 1));\n"]},"_coverageSchema":"1a1c01bbd47fc00a2c39e90264f33305004495a9","hash":"93172a2da4acb061fda0a19f90b2a0490aeeb1a0"},"/Users/brennan-lu/Desktop/voiceflow/libs/packages/common/src/utils/functional.ts":{"path":"/Users/brennan-lu/Desktop/voiceflow/libs/packages/common/src/utils/functional.ts","statementMap":{"0":{"start":{"line":2,"column":0},"end":{"line":2,"column":62}},"1":{"start":{"line":3,"column":0},"end":{"line":3,"column":203}},"2":{"start":{"line":4,"column":19},"end":{"line":4,"column":57}},"3":{"start":{"line":4,"column":30},"end":{"line":4,"column":57}},"4":{"start":{"line":5,"column":0},"end":{"line":5,"column":32}},"5":{"start":{"line":6,"column":16},"end":{"line":14,"column":1}},"6":{"start":{"line":6,"column":35},"end":{"line":14,"column":1}},"7":{"start":{"line":7,"column":4},"end":{"line":9,"column":5}},"8":{"start":{"line":8,"column":8},"end":{"line":8,"column":36}},"9":{"start":{"line":10,"column":4},"end":{"line":12,"column":5}},"10":{"start":{"line":11,"column":8},"end":{"line":11,"column":51}},"11":{"start":{"line":13,"column":4},"end":{"line":13,"column":77}},"12":{"start":{"line":13,"column":54},"end":{"line":13,"column":68}},"13":{"start":{"line":15,"column":0},"end":{"line":15,"column":26}},"14":{"start":{"line":16,"column":13},"end":{"line":16,"column":28}},"15":{"start":{"line":16,"column":19},"end":{"line":16,"column":28}},"16":{"start":{"line":17,"column":0},"end":{"line":17,"column":20}},"17":{"start":{"line":18,"column":17},"end":{"line":18,"column":33}},"18":{"start":{"line":18,"column":28},"end":{"line":18,"column":33}},"19":{"start":{"line":19,"column":0},"end":{"line":19,"column":28}},"20":{"start":{"line":20,"column":18},"end":{"line":20,"column":80}},"21":{"start":{"line":20,"column":30},"end":{"line":20,"column":79}},"22":{"start":{"line":21,"column":0},"end":{"line":21,"column":30}},"23":{"start":{"line":22,"column":14},"end":{"line":35,"column":1}},"24":{"start":{"line":22,"column":26},"end":{"line":35,"column":1}},"25":{"start":{"line":25,"column":4},"end":{"line":34,"column":5}},"26":{"start":{"line":26,"column":8},"end":{"line":26,"column":81}},"27":{"start":{"line":28,"column":9},"end":{"line":34,"column":5}},"28":{"start":{"line":29,"column":8},"end":{"line":29,"column":81}},"29":{"start":{"line":30,"column":8},"end":{"line":30,"column":81}},"30":{"start":{"line":33,"column":8},"end":{"line":33,"column":81}},"31":{"start":{"line":33,"column":28},"end":{"line":33,"column":79}},"32":{"start":{"line":36,"column":0},"end":{"line":36,"column":22}},"33":{"start":{"line":37,"column":18},"end":{"line":37,"column":64}},"34":{"start":{"line":37,"column":30},"end":{"line":37,"column":64}},"35":{"start":{"line":37,"column":36},"end":{"line":37,"column":64}},"36":{"start":{"line":38,"column":0},"end":{"line":38,"column":30}},"37":{"start":{"line":39,"column":19},"end":{"line":56,"column":1}},"38":{"start":{"line":39,"column":31},"end":{"line":56,"column":1}},"39":{"start":{"line":42,"column":4},"end":{"line":55,"column":5}},"40":{"start":{"line":43,"column":8},"end":{"line":43,"column":89}},"41":{"start":{"line":45,"column":9},"end":{"line":55,"column":5}},"42":{"start":{"line":46,"column":8},"end":{"line":46,"column":89}},"43":{"start":{"line":47,"column":8},"end":{"line":47,"column":89}},"44":{"start":{"line":51,"column":8},"end":{"line":54,"column":9}},"45":{"start":{"line":53,"column":12},"end":{"line":53,"column":72}},"46":{"start":{"line":57,"column":0},"end":{"line":57,"column":32}},"47":{"start":{"line":58,"column":23},"end":{"line":58,"column":74}},"48":{"start":{"line":58,"column":35},"end":{"line":58,"column":74}},"49":{"start":{"line":58,"column":41},"end":{"line":58,"column":74}},"50":{"start":{"line":59,"column":0},"end":{"line":59,"column":40}},"51":{"start":{"line":60,"column":19},"end":{"line":63,"column":1}},"52":{"start":{"line":60,"column":33},"end":{"line":63,"column":1}},"53":{"start":{"line":61,"column":4},"end":{"line":61,"column":20}},"54":{"start":{"line":62,"column":4},"end":{"line":62,"column":17}},"55":{"start":{"line":64,"column":0},"end":{"line":64,"column":32}}},"fnMap":{"0":{"name":"(anonymous_0)","decl":{"start":{"line":4,"column":19},"end":{"line":4,"column":20}},"loc":{"start":{"line":4,"column":30},"end":{"line":4,"column":57}},"line":4},"1":{"name":"(anonymous_1)","decl":{"start":{"line":6,"column":16},"end":{"line":6,"column":17}},"loc":{"start":{"line":6,"column":35},"end":{"line":14,"column":1}},"line":6},"2":{"name":"(anonymous_2)","decl":{"start":{"line":6,"column":35},"end":{"line":6,"column":36}},"loc":{"start":{"line":6,"column":46},"end":{"line":14,"column":1}},"line":6},"3":{"name":"(anonymous_3)","decl":{"start":{"line":13,"column":34},"end":{"line":13,"column":35}},"loc":{"start":{"line":13,"column":54},"end":{"line":13,"column":68}},"line":13},"4":{"name":"(anonymous_4)","decl":{"start":{"line":16,"column":13},"end":{"line":16,"column":14}},"loc":{"start":{"line":16,"column":19},"end":{"line":16,"column":28}},"line":16},"5":{"name":"(anonymous_5)","decl":{"start":{"line":18,"column":17},"end":{"line":18,"column":18}},"loc":{"start":{"line":18,"column":28},"end":{"line":18,"column":33}},"line":18},"6":{"name":"(anonymous_6)","decl":{"start":{"line":20,"column":18},"end":{"line":20,"column":19}},"loc":{"start":{"line":20,"column":30},"end":{"line":20,"column":79}},"line":20},"7":{"name":"(anonymous_7)","decl":{"start":{"line":22,"column":14},"end":{"line":22,"column":15}},"loc":{"start":{"line":22,"column":26},"end":{"line":35,"column":1}},"line":22},"8":{"name":"(anonymous_8)","decl":{"start":{"line":22,"column":26},"end":{"line":22,"column":27}},"loc":{"start":{"line":22,"column":39},"end":{"line":35,"column":1}},"line":22},"9":{"name":"(anonymous_9)","decl":{"start":{"line":33,"column":20},"end":{"line":33,"column":21}},"loc":{"start":{"line":33,"column":28},"end":{"line":33,"column":79}},"line":33},"10":{"name":"(anonymous_10)","decl":{"start":{"line":37,"column":18},"end":{"line":37,"column":19}},"loc":{"start":{"line":37,"column":30},"end":{"line":37,"column":64}},"line":37},"11":{"name":"(anonymous_11)","decl":{"start":{"line":37,"column":30},"end":{"line":37,"column":31}},"loc":{"start":{"line":37,"column":36},"end":{"line":37,"column":64}},"line":37},"12":{"name":"(anonymous_12)","decl":{"start":{"line":39,"column":19},"end":{"line":39,"column":20}},"loc":{"start":{"line":39,"column":31},"end":{"line":56,"column":1}},"line":39},"13":{"name":"(anonymous_13)","decl":{"start":{"line":39,"column":31},"end":{"line":39,"column":32}},"loc":{"start":{"line":39,"column":50},"end":{"line":56,"column":1}},"line":39},"14":{"name":"(anonymous_14)","decl":{"start":{"line":58,"column":23},"end":{"line":58,"column":24}},"loc":{"start":{"line":58,"column":35},"end":{"line":58,"column":74}},"line":58},"15":{"name":"(anonymous_15)","decl":{"start":{"line":58,"column":35},"end":{"line":58,"column":36}},"loc":{"start":{"line":58,"column":41},"end":{"line":58,"column":74}},"line":58},"16":{"name":"(anonymous_16)","decl":{"start":{"line":60,"column":19},"end":{"line":60,"column":20}},"loc":{"start":{"line":60,"column":33},"end":{"line":63,"column":1}},"line":60},"17":{"name":"(anonymous_17)","decl":{"start":{"line":60,"column":33},"end":{"line":60,"column":34}},"loc":{"start":{"line":60,"column":44},"end":{"line":63,"column":1}},"line":60}},"branchMap":{"0":{"loc":{"start":{"line":7,"column":4},"end":{"line":9,"column":5}},"type":"if","locations":[{"start":{"line":7,"column":4},"end":{"line":9,"column":5}},{"start":{"line":7,"column":4},"end":{"line":9,"column":5}}],"line":7},"1":{"loc":{"start":{"line":10,"column":4},"end":{"line":12,"column":5}},"type":"if","locations":[{"start":{"line":10,"column":4},"end":{"line":12,"column":5}},{"start":{"line":10,"column":4},"end":{"line":12,"column":5}}],"line":10},"2":{"loc":{"start":{"line":20,"column":30},"end":{"line":20,"column":79}},"type":"cond-expr","locations":[{"start":{"line":20,"column":58},"end":{"line":20,"column":63}},{"start":{"line":20,"column":66},"end":{"line":20,"column":79}}],"line":20},"3":{"loc":{"start":{"line":25,"column":4},"end":{"line":34,"column":5}},"type":"if","locations":[{"start":{"line":25,"column":4},"end":{"line":34,"column":5}},{"start":{"line":25,"column":4},"end":{"line":34,"column":5}}],"line":25},"4":{"loc":{"start":{"line":26,"column":8},"end":{"line":26,"column":80}},"type":"cond-expr","locations":[{"start":{"line":26,"column":50},"end":{"line":26,"column":56}},{"start":{"line":26,"column":59},"end":{"line":26,"column":80}}],"line":26},"5":{"loc":{"start":{"line":26,"column":8},"end":{"line":26,"column":47}},"type":"binary-expr","locations":[{"start":{"line":26,"column":8},"end":{"line":26,"column":30}},{"start":{"line":26,"column":34},"end":{"line":26,"column":47}}],"line":26},"6":{"loc":{"start":{"line":28,"column":9},"end":{"line":34,"column":5}},"type":"if","locations":[{"start":{"line":28,"column":9},"end":{"line":34,"column":5}},{"start":{"line":28,"column":9},"end":{"line":34,"column":5}}],"line":28},"7":{"loc":{"start":{"line":29,"column":8},"end":{"line":29,"column":80}},"type":"cond-expr","locations":[{"start":{"line":29,"column":50},"end":{"line":29,"column":56}},{"start":{"line":29,"column":59},"end":{"line":29,"column":80}}],"line":29},"8":{"loc":{"start":{"line":29,"column":8},"end":{"line":29,"column":47}},"type":"binary-expr","locations":[{"start":{"line":29,"column":8},"end":{"line":29,"column":30}},{"start":{"line":29,"column":34},"end":{"line":29,"column":47}}],"line":29},"9":{"loc":{"start":{"line":30,"column":8},"end":{"line":30,"column":80}},"type":"cond-expr","locations":[{"start":{"line":30,"column":50},"end":{"line":30,"column":56}},{"start":{"line":30,"column":59},"end":{"line":30,"column":80}}],"line":30},"10":{"loc":{"start":{"line":30,"column":8},"end":{"line":30,"column":47}},"type":"binary-expr","locations":[{"start":{"line":30,"column":8},"end":{"line":30,"column":30}},{"start":{"line":30,"column":34},"end":{"line":30,"column":47}}],"line":30},"11":{"loc":{"start":{"line":33,"column":28},"end":{"line":33,"column":79}},"type":"cond-expr","locations":[{"start":{"line":33,"column":59},"end":{"line":33,"column":65}},{"start":{"line":33,"column":68},"end":{"line":33,"column":79}}],"line":33},"12":{"loc":{"start":{"line":33,"column":28},"end":{"line":33,"column":56}},"type":"binary-expr","locations":[{"start":{"line":33,"column":28},"end":{"line":33,"column":39}},{"start":{"line":33,"column":43},"end":{"line":33,"column":56}}],"line":33},"13":{"loc":{"start":{"line":42,"column":4},"end":{"line":55,"column":5}},"type":"if","locations":[{"start":{"line":42,"column":4},"end":{"line":55,"column":5}},{"start":{"line":42,"column":4},"end":{"line":55,"column":5}}],"line":42},"14":{"loc":{"start":{"line":43,"column":15},"end":{"line":43,"column":87}},"type":"cond-expr","locations":[{"start":{"line":43,"column":57},"end":{"line":43,"column":63}},{"start":{"line":43,"column":66},"end":{"line":43,"column":87}}],"line":43},"15":{"loc":{"start":{"line":43,"column":15},"end":{"line":43,"column":54}},"type":"binary-expr","locations":[{"start":{"line":43,"column":15},"end":{"line":43,"column":37}},{"start":{"line":43,"column":41},"end":{"line":43,"column":54}}],"line":43},"16":{"loc":{"start":{"line":45,"column":9},"end":{"line":55,"column":5}},"type":"if","locations":[{"start":{"line":45,"column":9},"end":{"line":55,"column":5}},{"start":{"line":45,"column":9},"end":{"line":55,"column":5}}],"line":45},"17":{"loc":{"start":{"line":46,"column":15},"end":{"line":46,"column":87}},"type":"cond-expr","locations":[{"start":{"line":46,"column":57},"end":{"line":46,"column":63}},{"start":{"line":46,"column":66},"end":{"line":46,"column":87}}],"line":46},"18":{"loc":{"start":{"line":46,"column":15},"end":{"line":46,"column":54}},"type":"binary-expr","locations":[{"start":{"line":46,"column":15},"end":{"line":46,"column":37}},{"start":{"line":46,"column":41},"end":{"line":46,"column":54}}],"line":46},"19":{"loc":{"start":{"line":47,"column":15},"end":{"line":47,"column":87}},"type":"cond-expr","locations":[{"start":{"line":47,"column":57},"end":{"line":47,"column":63}},{"start":{"line":47,"column":66},"end":{"line":47,"column":87}}],"line":47},"20":{"loc":{"start":{"line":47,"column":15},"end":{"line":47,"column":54}},"type":"binary-expr","locations":[{"start":{"line":47,"column":15},"end":{"line":47,"column":37}},{"start":{"line":47,"column":41},"end":{"line":47,"column":54}}],"line":47},"21":{"loc":{"start":{"line":53,"column":19},"end":{"line":53,"column":70}},"type":"cond-expr","locations":[{"start":{"line":53,"column":50},"end":{"line":53,"column":56}},{"start":{"line":53,"column":59},"end":{"line":53,"column":70}}],"line":53},"22":{"loc":{"start":{"line":53,"column":19},"end":{"line":53,"column":47}},"type":"binary-expr","locations":[{"start":{"line":53,"column":19},"end":{"line":53,"column":30}},{"start":{"line":53,"column":34},"end":{"line":53,"column":47}}],"line":53}},"s":{"0":1,"1":1,"2":1,"3":5,"4":1,"5":1,"6":4,"7":4,"8":1,"9":3,"10":1,"11":2,"12":6,"13":1,"14":1,"15":1,"16":1,"17":1,"18":1,"19":1,"20":1,"21":2,"22":1,"23":1,"24":4,"25":4,"26":1,"27":3,"28":1,"29":1,"30":2,"31":6,"32":1,"33":1,"34":1,"35":1,"36":1,"37":1,"38":4,"39":4,"40":1,"41":3,"42":1,"43":1,"44":2,"45":6,"46":1,"47":1,"48":1,"49":1,"50":1,"51":1,"52":1,"53":1,"54":1,"55":1},"f":{"0":5,"1":4,"2":4,"3":6,"4":1,"5":1,"6":2,"7":4,"8":4,"9":6,"10":1,"11":1,"12":4,"13":4,"14":1,"15":1,"16":1,"17":1},"b":{"0":[1,3],"1":[1,2],"2":[1,1],"3":[1,3],"4":[0,1],"5":[1,1],"6":[1,2],"7":[0,1],"8":[1,1],"9":[0,1],"10":[1,1],"11":[0,6],"12":[6,6],"13":[1,3],"14":[0,1],"15":[1,1],"16":[1,2],"17":[0,1],"18":[1,1],"19":[0,1],"20":[1,1],"21":[0,6],"22":[6,6]},"inputSourceMap":{"version":3,"file":"/Users/brennan-lu/Desktop/voiceflow/libs/packages/common/src/utils/functional.ts","sources":["/Users/brennan-lu/Desktop/voiceflow/libs/packages/common/src/utils/functional.ts"],"names":[],"mappings":";;;AAEO,MAAM,UAAU,GAAG,CAA8D,KAAc,EAAc,EAAE,CAAC,OAAO,KAAK,KAAK,UAAU,CAAC;AAAtI,QAAA,UAAU,cAA4H;AAuB5I,MAAM,OAAO,GAClB,CAAC,GAAG,UAAuB,EAAE,EAAE,CAC/B,CAAmB,KAAQ,EAAK,EAAE;IAChC,IAAI,UAAU,CAAC,MAAM,KAAK,CAAC,EAAE;QAC3B,OAAO,UAAU,CAAC,CAAC,CAAC,CAAC,KAAK,CAAC,CAAC;KAC7B;IAED,IAAI,UAAU,CAAC,MAAM,KAAK,CAAC,EAAE;QAC3B,OAAO,UAAU,CAAC,CAAC,CAAC,CAAC,UAAU,CAAC,CAAC,CAAC,CAAC,KAAK,CAAC,CAAC,CAAC;KAC5C;IAED,OAAO,UAAU,CAAC,WAAW,CAAC,CAAC,GAAG,EAAE,SAAS,EAAE,EAAE,CAAC,SAAS,CAAC,GAAG,CAAC,EAAE,KAAK,CAAC,CAAC;AAC3E,CAAC,CAAC;AAZS,QAAA,OAAO,WAYhB;AAIG,MAAM,IAAI,GAAiB,GAAG,EAAE,CAAC,SAAS,CAAC;AAArC,QAAA,IAAI,QAAiC;AAE3C,MAAM,QAAQ,GAAG,CAAI,KAAQ,EAAK,EAAE,CAAC,KAAK,CAAC;AAArC,QAAA,QAAQ,YAA6B;AAE3C,MAAM,SAAS,GAAG,CAAC,KAAU,EAAU,EAAE,CAAC,CAAC,OAAO,KAAK,KAAK,QAAQ,CAAC,CAAC,CAAC,KAAK,CAAC,CAAC,CAAC,MAAM,CAAC,KAAK,CAAC,CAAC,CAAC;AAAxF,QAAA,SAAS,aAA+E;AAI9F,MAAM,KAAK,GAChB,CAAkB,GAAG,GAAqE,EAAE,EAAE,CAC9F,CAAC,GAAG,IAAO,EAAQ,EAAE;;IACnB,mEAAmE;IACnE,IAAI,GAAG,CAAC,MAAM,KAAK,CAAC,EAAE;QACpB,MAAA,GAAG,CAAC,CAAC,CAAC,oDAAG,GAAG,IAAI,CAAC,CAAC;KACnB;SAAM,IAAI,GAAG,CAAC,MAAM,KAAK,CAAC,EAAE;QAC3B,MAAA,GAAG,CAAC,CAAC,CAAC,oDAAG,GAAG,IAAI,CAAC,CAAC;QAClB,MAAA,GAAG,CAAC,CAAC,CAAC,oDAAG,GAAG,IAAI,CAAC,CAAC;KACnB;SAAM;QACL,GAAG,CAAC,OAAO,CAAC,CAAC,EAAE,EAAE,EAAE,CAAC,EAAE,aAAF,EAAE,uBAAF,EAAE,CAAG,GAAG,IAAI,CAAC,CAAC,CAAC;KACpC;AACH,CAAC,CAAC;AAZS,QAAA,KAAK,SAYd;AAEG,MAAM,SAAS,GACpB,CAAC,GAAG,GAA6D,EAAE,EAAE,CACrE,GAAS,EAAE,CACT,IAAA,aAAK,EAAC,GAAG,GAAG,CAAC,EAAE,CAAC;AAHP,QAAA,SAAS,aAGF;AAEb,MAAM,UAAU,GACrB,CAAkB,GAAG,GAAqE,EAAE,EAAE,CAC9F,KAAK,EAAE,GAAG,IAAO,EAAiB,EAAE;;IAClC,mEAAmE;IACnE,IAAI,GAAG,CAAC,MAAM,KAAK,CAAC,EAAE;QACpB,MAAM,CAAA,MAAA,GAAG,CAAC,CAAC,CAAC,oDAAG,GAAG,IAAI,CAAC,CAAA,CAAC;KACzB;SAAM,IAAI,GAAG,CAAC,MAAM,KAAK,CAAC,EAAE;QAC3B,MAAM,CAAA,MAAA,GAAG,CAAC,CAAC,CAAC,oDAAG,GAAG,IAAI,CAAC,CAAA,CAAC;QACxB,MAAM,CAAA,MAAA,GAAG,CAAC,CAAC,CAAC,oDAAG,GAAG,IAAI,CAAC,CAAA,CAAC;KACzB;SAAM;QACL,gDAAgD;QAChD,KAAK,MAAM,EAAE,IAAI,GAAG,EAAE;YACpB,4CAA4C;YAC5C,MAAM,CAAA,EAAE,aAAF,EAAE,uBAAF,EAAE,CAAG,GAAG,IAAI,CAAC,CAAA,CAAC;SACrB;KACF;AACH,CAAC,CAAC;AAhBS,QAAA,UAAU,cAgBnB;AAEG,MAAM,cAAc,GACzB,CAAC,GAAG,GAA6D,EAAE,EAAE,CACrE,GAAkB,EAAE,CAClB,IAAA,kBAAU,EAAC,GAAG,GAAG,CAAC,EAAE,CAAC;AAHZ,QAAA,cAAc,kBAGF;AAElB,MAAM,UAAU,GACrB,CAAI,QAA4B,EAAE,EAAE,CACpC,CAAC,KAAQ,EAAK,EAAE;IACd,QAAQ,CAAC,KAAK,CAAC,CAAC;IAEhB,OAAO,KAAK,CAAC;AACf,CAAC,CAAC;AANS,QAAA,UAAU,cAMnB","sourcesContent":["import { Nullish } from '../types';\n\nexport const isFunction = <T extends (...args: any[]) => any = (...args: any[]) => any>(value: unknown): value is T => typeof value === 'function';\n\nexport type Transform<T = any, R = T> = (value: T) => R;\n\nexport interface Compose {\n  <R, T1>(t0: Transform<T1, R>): (value: T1) => R;\n  <R, T1, T2>(t0: Transform<T1, T2>, t1: Transform<T2, R>): (value: T1) => R;\n  <R, T1, T2, T3>(t0: Transform<T1, T2>, t1: Transform<T2, T3>, t2: Transform<T3, R>): (value: T1) => R;\n  <R, T1, T2, T3, T4>(t0: Transform<T1, T2>, t1: Transform<T2, T3>, t2: Transform<T3, T4>, t3: Transform<T4, R>): (value: T1) => R;\n  <R, T1, T2, T3, T4, T5>(t0: Transform<T1, T2>, t1: Transform<T2, T3>, t2: Transform<T3, T4>, t3: Transform<T4, T5>, t4: Transform<T5, R>): (\n    value: T1\n  ) => R;\n  <R, T1, T2, T3, T4, T5, T6>(\n    t0: Transform<T1, T2>,\n    t1: Transform<T2, T3>,\n    t2: Transform<T3, T4>,\n    t3: Transform<T4, T5>,\n    t4: Transform<T5, T6>,\n    t5: Transform<T6, R>\n  ): (value: T1) => R;\n  (...transforms: Transform[]): <T extends object>(value: T) => T;\n}\n\nexport const compose: Compose =\n  (...transforms: Transform[]) =>\n  <T extends object>(value: T): T => {\n    if (transforms.length === 1) {\n      return transforms[0](value);\n    }\n\n    if (transforms.length === 2) {\n      return transforms[0](transforms[1](value));\n    }\n\n    return transforms.reduceRight((acc, transform) => transform(acc), value);\n  };\n\nexport type VoidFunction = () => void;\n\nexport const noop: VoidFunction = () => undefined;\n\nexport const identity = <T>(value: T): T => value;\n\nexport const stringify = (value: any): string => (typeof value === 'string' ? value : String(value));\n\ntype ChainCallback<A extends any[]> = (...args: A) => void;\n\nexport const chain =\n  <A extends any[]>(...fns: [Nullish<ChainCallback<A>>, ...Array<Nullish<ChainCallback<A>>>]) =>\n  (...args: A): void => {\n    // perf optimization, most of the time we have one or two functions\n    if (fns.length === 1) {\n      fns[0]?.(...args);\n    } else if (fns.length === 2) {\n      fns[0]?.(...args);\n      fns[1]?.(...args);\n    } else {\n      fns.forEach((fn) => fn?.(...args));\n    }\n  };\n\nexport const chainVoid =\n  (...fns: [Nullish<VoidFunction>, ...Array<Nullish<VoidFunction>>]) =>\n  (): void =>\n    chain(...fns)();\n\nexport const chainAsync =\n  <A extends any[]>(...fns: [Nullish<ChainCallback<A>>, ...Array<Nullish<ChainCallback<A>>>]) =>\n  async (...args: A): Promise<void> => {\n    // perf optimization, most of the time we have one or two functions\n    if (fns.length === 1) {\n      await fns[0]?.(...args);\n    } else if (fns.length === 2) {\n      await fns[0]?.(...args);\n      await fns[1]?.(...args);\n    } else {\n      // eslint-disable-next-line no-restricted-syntax\n      for (const fn of fns) {\n        // eslint-disable-next-line no-await-in-loop\n        await fn?.(...args);\n      }\n    }\n  };\n\nexport const chainVoidAsync =\n  (...fns: [Nullish<VoidFunction>, ...Array<Nullish<VoidFunction>>]) =>\n  (): Promise<void> =>\n    chainAsync(...fns)();\n\nexport const withEffect =\n  <T>(callback: (value: T) => void) =>\n  (value: T): T => {\n    callback(value);\n\n    return value;\n  };\n"]},"_coverageSchema":"1a1c01bbd47fc00a2c39e90264f33305004495a9","hash":"f0f4c5877b2c7e16c519c884862f4fa8efe2f106"},"/Users/brennan-lu/Desktop/voiceflow/libs/packages/common/src/utils/promise.ts":{"path":"/Users/brennan-lu/Desktop/voiceflow/libs/packages/common/src/utils/promise.ts","statementMap":{"0":{"start":{"line":2,"column":0},"end":{"line":2,"column":62}},"1":{"start":{"line":3,"column":0},"end":{"line":3,"column":42}},"2":{"start":{"line":4,"column":14},"end":{"line":6,"column":2}},"3":{"start":{"line":4,"column":41},"end":{"line":6,"column":2}},"4":{"start":{"line":5,"column":4},"end":{"line":5,"column":46}},"5":{"start":{"line":5,"column":21},"end":{"line":5,"column":35}},"6":{"start":{"line":7,"column":0},"end":{"line":7,"column":22}},"7":{"start":{"line":8,"column":17},"end":{"line":12,"column":2}},"8":{"start":{"line":8,"column":30},"end":{"line":12,"column":2}},"9":{"start":{"line":9,"column":4},"end":{"line":11,"column":16}},"10":{"start":{"line":10,"column":8},"end":{"line":10,"column":50}},"11":{"start":{"line":13,"column":0},"end":{"line":13,"column":28}}},"fnMap":{"0":{"name":"(anonymous_0)","decl":{"start":{"line":4,"column":14},"end":{"line":4,"column":15}},"loc":{"start":{"line":4,"column":41},"end":{"line":6,"column":2}},"line":4},"1":{"name":"(anonymous_1)","decl":{"start":{"line":4,"column":53},"end":{"line":4,"column":54}},"loc":{"start":{"line":4,"column":66},"end":{"line":6,"column":1}},"line":4},"2":{"name":"(anonymous_2)","decl":{"start":{"line":5,"column":15},"end":{"line":5,"column":16}},"loc":{"start":{"line":5,"column":21},"end":{"line":5,"column":35}},"line":5},"3":{"name":"(anonymous_3)","decl":{"start":{"line":8,"column":17},"end":{"line":8,"column":18}},"loc":{"start":{"line":8,"column":30},"end":{"line":12,"column":2}},"line":8},"4":{"name":"(anonymous_4)","decl":{"start":{"line":8,"column":42},"end":{"line":8,"column":43}},"loc":{"start":{"line":8,"column":64},"end":{"line":12,"column":1}},"line":8},"5":{"name":"(anonymous_5)","decl":{"start":{"line":9,"column":15},"end":{"line":9,"column":16}},"loc":{"start":{"line":9,"column":21},"end":{"line":11,"column":5}},"line":9}},"branchMap":{"0":{"loc":{"start":{"line":4,"column":24},"end":{"line":4,"column":36}},"type":"default-arg","locations":[{"start":{"line":4,"column":32},"end":{"line":4,"column":36}}],"line":4}},"s":{"0":1,"1":1,"2":1,"3":10,"4":10,"5":10,"6":1,"7":1,"8":1,"9":1,"10":1,"11":1},"f":{"0":10,"1":10,"2":10,"3":1,"4":1,"5":1},"b":{"0":[10]},"inputSourceMap":{"version":3,"file":"/Users/brennan-lu/Desktop/voiceflow/libs/packages/common/src/utils/promise.ts","sources":["/Users/brennan-lu/Desktop/voiceflow/libs/packages/common/src/utils/promise.ts"],"names":[],"mappings":";;;AAAO,MAAM,KAAK,GAAG,CAAc,OAAe,EAAE,QAAW,IAAoB,EAAc,EAAE,CACjG,IAAI,OAAO,CAAI,CAAC,OAAO,EAAE,EAAE;IACzB,UAAU,CAAC,GAAG,EAAE,CAAC,OAAO,CAAC,KAAK,CAAC,EAAE,OAAO,CAAC,CAAC;AAC5C,CAAC,CAAC,CAAC;AAHQ,QAAA,KAAK,SAGb;AAEE,MAAM,QAAQ,GAAG,CAAC,OAAe,EAAkB,EAAE,CAC1D,IAAI,OAAO,CAAQ,CAAC,QAAQ,EAAE,MAAM,EAAE,EAAE;IACtC,UAAU,CAAC,GAAG,EAAE;QACd,MAAM,CAAC,IAAI,KAAK,CAAC,sBAAsB,CAAC,CAAC,CAAC;IAC5C,CAAC,EAAE,OAAO,CAAC,CAAC;AACd,CAAC,CAAC,CAAC;AALQ,QAAA,QAAQ,YAKhB","sourcesContent":["export const delay = <T = boolean>(timeout: number, value: T = true as unknown as T): Promise<T> =>\n  new Promise<T>((resolve) => {\n    setTimeout(() => resolve(value), timeout);\n  });\n\nexport const rejectIn = (timeout: number): Promise<never> =>\n  new Promise<never>((_resolve, reject) => {\n    setTimeout(() => {\n      reject(new Error('Rejected by timeout!'));\n    }, timeout);\n  });\n"]},"_coverageSchema":"1a1c01bbd47fc00a2c39e90264f33305004495a9","hash":"2569c33af3a07130ac68c2ef5e70a560968ec532"},"/Users/brennan-lu/Desktop/voiceflow/libs/packages/common/src/utils/id.ts":{"path":"/Users/brennan-lu/Desktop/voiceflow/libs/packages/common/src/utils/id.ts","statementMap":{"0":{"start":{"line":2,"column":22},"end":{"line":4,"column":1}},"1":{"start":{"line":3,"column":4},"end":{"line":3,"column":62}},"2":{"start":{"line":5,"column":0},"end":{"line":5,"column":62}},"3":{"start":{"line":6,"column":0},"end":{"line":6,"column":66}},"4":{"start":{"line":7,"column":24},"end":{"line":7,"column":65}},"5":{"start":{"line":8,"column":15},"end":{"line":8,"column":47}},"6":{"start":{"line":9,"column":0},"end":{"line":9,"column":30}},"7":{"start":{"line":10,"column":17},"end":{"line":10,"column":36}},"8":{"start":{"line":11,"column":17},"end":{"line":11,"column":66}},"9":{"start":{"line":11,"column":23},"end":{"line":11,"column":66}},"10":{"start":{"line":12,"column":0},"end":{"line":12,"column":28}},"11":{"start":{"line":13,"column":23},"end":{"line":22,"column":1}},"12":{"start":{"line":14,"column":16},"end":{"line":14,"column":89}},"13":{"start":{"line":15,"column":20},"end":{"line":20,"column":5}},"14":{"start":{"line":16,"column":8},"end":{"line":18,"column":9}},"15":{"start":{"line":17,"column":12},"end":{"line":17,"column":34}},"16":{"start":{"line":19,"column":8},"end":{"line":19,"column":21}},"17":{"start":{"line":21,"column":4},"end":{"line":21,"column":86}},"18":{"start":{"line":23,"column":0},"end":{"line":23,"column":40}}},"fnMap":{"0":{"name":"(anonymous_0)","decl":{"start":{"line":2,"column":56},"end":{"line":2,"column":57}},"loc":{"start":{"line":2,"column":71},"end":{"line":4,"column":1}},"line":2},"1":{"name":"(anonymous_1)","decl":{"start":{"line":11,"column":17},"end":{"line":11,"column":18}},"loc":{"start":{"line":11,"column":23},"end":{"line":11,"column":66}},"line":11},"2":{"name":"(anonymous_2)","decl":{"start":{"line":13,"column":23},"end":{"line":13,"column":24}},"loc":{"start":{"line":13,"column":46},"end":{"line":22,"column":1}},"line":13},"3":{"name":"(anonymous_3)","decl":{"start":{"line":15,"column":20},"end":{"line":15,"column":21}},"loc":{"start":{"line":15,"column":31},"end":{"line":20,"column":5}},"line":15}},"branchMap":{"0":{"loc":{"start":{"line":2,"column":22},"end":{"line":4,"column":1}},"type":"binary-expr","locations":[{"start":{"line":2,"column":23},"end":{"line":2,"column":27}},{"start":{"line":2,"column":31},"end":{"line":2,"column":51}},{"start":{"line":2,"column":56},"end":{"line":4,"column":1}}],"line":2},"1":{"loc":{"start":{"line":3,"column":11},"end":{"line":3,"column":61}},"type":"cond-expr","locations":[{"start":{"line":3,"column":37},"end":{"line":3,"column":40}},{"start":{"line":3,"column":43},"end":{"line":3,"column":61}}],"line":3},"2":{"loc":{"start":{"line":3,"column":12},"end":{"line":3,"column":33}},"type":"binary-expr","locations":[{"start":{"line":3,"column":12},"end":{"line":3,"column":15}},{"start":{"line":3,"column":19},"end":{"line":3,"column":33}}],"line":3},"3":{"loc":{"start":{"line":14,"column":16},"end":{"line":14,"column":89}},"type":"cond-expr","locations":[{"start":{"line":14,"column":43},"end":{"line":14,"column":52}},{"start":{"line":14,"column":55},"end":{"line":14,"column":89}}],"line":14},"4":{"loc":{"start":{"line":16,"column":8},"end":{"line":18,"column":9}},"type":"if","locations":[{"start":{"line":16,"column":8},"end":{"line":18,"column":9}},{"start":{"line":16,"column":8},"end":{"line":18,"column":9}}],"line":16},"5":{"loc":{"start":{"line":16,"column":12},"end":{"line":16,"column":55}},"type":"binary-expr","locations":[{"start":{"line":16,"column":12},"end":{"line":16,"column":37}},{"start":{"line":16,"column":41},"end":{"line":16,"column":55}}],"line":16}},"s":{"0":1,"1":2,"2":1,"3":1,"4":1,"5":1,"6":1,"7":1,"8":1,"9":0,"10":1,"11":1,"12":7,"13":7,"14":36,"15":17,"16":19,"17":7,"18":1},"f":{"0":2,"1":0,"2":7,"3":36},"b":{"0":[1,1,1],"1":[0,2],"2":[2,2],"3":[2,5],"4":[17,19],"5":[36,36]},"inputSourceMap":{"version":3,"file":"/Users/brennan-lu/Desktop/voiceflow/libs/packages/common/src/utils/id.ts","sources":["/Users/brennan-lu/Desktop/voiceflow/libs/packages/common/src/utils/id.ts"],"names":[],"mappings":";;;;;;AAAA,kEAAqC;AACrC,gDAAwB;AAKf,eALF,cAAI,CAKE;AAFb,qCAAgD;AAIzC,MAAM,QAAQ,GAAG,GAAW,EAAE,CAAC,IAAI,uBAAQ,EAAE,CAAC,WAAW,EAAE,CAAC;AAAtD,QAAA,QAAQ,YAA8C;AAE5D,MAAM,cAAc,GAAG,CAAkC,MAAS,EAAE,SAAuD,EAAK,EAAE;IACvI,MAAM,GAAG,GAAgC,SAAS,YAAY,GAAG,CAAC,CAAC,CAAC,SAAS,CAAC,CAAC,CAAC,IAAI,GAAG,CAAC,MAAM,CAAC,OAAO,CAAC,SAAS,CAAC,CAAC,CAAC;IAEnH,MAAM,OAAO,GAAG,CAAC,KAAU,EAAE,EAAE;QAC7B,IAAI,OAAO,KAAK,KAAK,QAAQ,IAAI,GAAG,CAAC,GAAG,CAAC,KAAK,CAAC,EAAE;YAC/C,OAAO,GAAG,CAAC,GAAG,CAAC,KAAK,CAAE,CAAC;SACxB;QAED,OAAO,KAAK,CAAC;IACf,CAAC,CAAC;IAEF,OAAO,IAAA,oBAAW,EAAC,IAAA,gBAAO,EAAC,MAAM,EAAE,OAAO,CAAC,EAAE,OAAO,CAAC,CAAC;AACxD,CAAC,CAAC;AAZW,QAAA,cAAc,kBAYzB","sourcesContent":["import ObjectId from 'bson-objectid';\nimport cuid from 'cuid';\n\nimport { EmptyObject } from '../types';\nimport { deepMap, deepMapKeys } from './object';\n\nexport { cuid };\n\nexport const objectID = (): string => new ObjectId().toHexString();\n\nexport const remapObjectIDs = <T extends Readonly<EmptyObject>>(object: T, lookupMap: Record<string, string> | Map<string, string>): T => {\n  const map: ReadonlyMap<string, string> = lookupMap instanceof Map ? lookupMap : new Map(Object.entries(lookupMap));\n\n  const mapping = (value: any) => {\n    if (typeof value === 'string' && map.has(value)) {\n      return map.get(value)!;\n    }\n\n    return value;\n  };\n\n  return deepMapKeys(deepMap(object, mapping), mapping);\n};\n"]},"_coverageSchema":"1a1c01bbd47fc00a2c39e90264f33305004495a9","hash":"eedb351996e5d6d3a93f5f96b17761fffd9809b8"},"/Users/brennan-lu/Desktop/voiceflow/libs/packages/common/src/utils/object/index.ts":{"path":"/Users/brennan-lu/Desktop/voiceflow/libs/packages/common/src/utils/object/index.ts","statementMap":{"0":{"start":{"line":2,"column":22},"end":{"line":12,"column":3}},"1":{"start":{"line":3,"column":4},"end":{"line":3,"column":33}},"2":{"start":{"line":3,"column":26},"end":{"line":3,"column":33}},"3":{"start":{"line":4,"column":15},"end":{"line":4,"column":52}},"4":{"start":{"line":5,"column":4},"end":{"line":7,"column":5}},"5":{"start":{"line":6,"column":6},"end":{"line":6,"column":68}},"6":{"start":{"line":6,"column":51},"end":{"line":6,"column":63}},"7":{"start":{"line":8,"column":4},"end":{"line":8,"column":39}},"8":{"start":{"line":10,"column":4},"end":{"line":10,"column":33}},"9":{"start":{"line":10,"column":26},"end":{"line":10,"column":33}},"10":{"start":{"line":11,"column":4},"end":{"line":11,"column":17}},"11":{"start":{"line":13,"column":19},"end":{"line":15,"column":1}},"12":{"start":{"line":14,"column":4},"end":{"line":14,"column":126}},"13":{"start":{"line":14,"column":21},"end":{"line":14,"column":126}},"14":{"start":{"line":14,"column":95},"end":{"line":14,"column":126}},"15":{"start":{"line":16,"column":0},"end":{"line":16,"column":62}},"16":{"start":{"line":17,"column":0},"end":{"line":17,"column":43}},"17":{"start":{"line":18,"column":0},"end":{"line":18,"column":44}},"18":{"start":{"line":19,"column":0},"end":{"line":19,"column":41}},"19":{"start":{"line":20,"column":0},"end":{"line":20,"column":41}}},"fnMap":{"0":{"name":"(anonymous_0)","decl":{"start":{"line":2,"column":74},"end":{"line":2,"column":75}},"loc":{"start":{"line":2,"column":96},"end":{"line":9,"column":1}},"line":2},"1":{"name":"(anonymous_1)","decl":{"start":{"line":6,"column":38},"end":{"line":6,"column":39}},"loc":{"start":{"line":6,"column":49},"end":{"line":6,"column":65}},"line":6},"2":{"name":"(anonymous_2)","decl":{"start":{"line":9,"column":6},"end":{"line":9,"column":7}},"loc":{"start":{"line":9,"column":28},"end":{"line":12,"column":1}},"line":9},"3":{"name":"(anonymous_3)","decl":{"start":{"line":13,"column":50},"end":{"line":13,"column":51}},"loc":{"start":{"line":13,"column":71},"end":{"line":15,"column":1}},"line":13}},"branchMap":{"0":{"loc":{"start":{"line":2,"column":22},"end":{"line":12,"column":3}},"type":"binary-expr","locations":[{"start":{"line":2,"column":23},"end":{"line":2,"column":27}},{"start":{"line":2,"column":31},"end":{"line":2,"column":51}},{"start":{"line":2,"column":57},"end":{"line":12,"column":2}}],"line":2},"1":{"loc":{"start":{"line":2,"column":57},"end":{"line":12,"column":2}},"type":"cond-expr","locations":[{"start":{"line":2,"column":74},"end":{"line":9,"column":1}},{"start":{"line":9,"column":6},"end":{"line":12,"column":1}}],"line":2},"2":{"loc":{"start":{"line":3,"column":4},"end":{"line":3,"column":33}},"type":"if","locations":[{"start":{"line":3,"column":4},"end":{"line":3,"column":33}},{"start":{"line":3,"column":4},"end":{"line":3,"column":33}}],"line":3},"3":{"loc":{"start":{"line":5,"column":4},"end":{"line":7,"column":5}},"type":"if","locations":[{"start":{"line":5,"column":4},"end":{"line":7,"column":5}},{"start":{"line":5,"column":4},"end":{"line":7,"column":5}}],"line":5},"4":{"loc":{"start":{"line":5,"column":8},"end":{"line":5,"column":85}},"type":"binary-expr","locations":[{"start":{"line":5,"column":8},"end":{"line":5,"column":13}},{"start":{"line":5,"column":18},"end":{"line":5,"column":84}}],"line":5},"5":{"loc":{"start":{"line":5,"column":18},"end":{"line":5,"column":84}},"type":"cond-expr","locations":[{"start":{"line":5,"column":34},"end":{"line":5,"column":47}},{"start":{"line":5,"column":50},"end":{"line":5,"column":84}}],"line":5},"6":{"loc":{"start":{"line":5,"column":50},"end":{"line":5,"column":84}},"type":"binary-expr","locations":[{"start":{"line":5,"column":50},"end":{"line":5,"column":63}},{"start":{"line":5,"column":67},"end":{"line":5,"column":84}}],"line":5},"7":{"loc":{"start":{"line":10,"column":4},"end":{"line":10,"column":33}},"type":"if","locations":[{"start":{"line":10,"column":4},"end":{"line":10,"column":33}},{"start":{"line":10,"column":4},"end":{"line":10,"column":33}}],"line":10},"8":{"loc":{"start":{"line":13,"column":19},"end":{"line":15,"column":1}},"type":"binary-expr","locations":[{"start":{"line":13,"column":20},"end":{"line":13,"column":24}},{"start":{"line":13,"column":28},"end":{"line":13,"column":45}},{"start":{"line":13,"column":50},"end":{"line":15,"column":1}}],"line":13},"9":{"loc":{"start":{"line":14,"column":21},"end":{"line":14,"column":126}},"type":"if","locations":[{"start":{"line":14,"column":21},"end":{"line":14,"column":126}},{"start":{"line":14,"column":21},"end":{"line":14,"column":126}}],"line":14},"10":{"loc":{"start":{"line":14,"column":25},"end":{"line":14,"column":93}},"type":"binary-expr","locations":[{"start":{"line":14,"column":25},"end":{"line":14,"column":40}},{"start":{"line":14,"column":44},"end":{"line":14,"column":93}}],"line":14}},"s":{"0":1,"1":19,"2":19,"3":19,"4":19,"5":18,"6":14,"7":19,"8":0,"9":0,"10":0,"11":1,"12":4,"13":19,"14":19,"15":1,"16":1,"17":1,"18":1,"19":1},"f":{"0":19,"1":14,"2":0,"3":4},"b":{"0":[1,1,1],"1":[1,0],"2":[19,0],"3":[18,1],"4":[19,19],"5":[1,18],"6":[18,0],"7":[0,0],"8":[1,1,1],"9":[19,0],"10":[19,19]},"inputSourceMap":{"version":3,"file":"/Users/brennan-lu/Desktop/voiceflow/libs/packages/common/src/utils/object/index.ts","sources":["/Users/brennan-lu/Desktop/voiceflow/libs/packages/common/src/utils/object/index.ts"],"names":[],"mappings":";;;;;;;;;;;;;;;;AAAA,2CAAyB;AACzB,4CAA0B;AAC1B,yCAAuB;AACvB,yCAAuB","sourcesContent":["export * from './common';\nexport * from './deepMap';\nexport * from './diff';\nexport * from './keys';\n"]},"_coverageSchema":"1a1c01bbd47fc00a2c39e90264f33305004495a9","hash":"97a2f4e9bb69e36e767ce10c27800c7f84bd13e5"},"/Users/brennan-lu/Desktop/voiceflow/libs/packages/common/src/utils/object/common.ts":{"path":"/Users/brennan-lu/Desktop/voiceflow/libs/packages/common/src/utils/object/common.ts","statementMap":{"0":{"start":{"line":2,"column":22},"end":{"line":4,"column":1}},"1":{"start":{"line":3,"column":4},"end":{"line":3,"column":62}},"2":{"start":{"line":5,"column":0},"end":{"line":5,"column":62}},"3":{"start":{"line":6,"column":0},"end":{"line":6,"column":312}},"4":{"start":{"line":7,"column":21},"end":{"line":7,"column":44}},"5":{"start":{"line":8,"column":0},"end
[...]
sia/Tokyo',\n        name: 'Tokyo',\n      },\n      {\n        value: 'Asia/Ujung_Pandang',\n        name: 'Ujung Pandang',\n      },\n      {\n        value: 'Asia/Ulaanbaatar',\n        name: 'Ulaanbaatar',\n      },\n      {\n        value: 'Asia/Ulan_Bator',\n        name: 'Ulan Bator',\n      },\n      {\n        value: 'Asia/Urumqi',\n        name: 'Urumqi',\n      },\n      {\n        value: 'Asia/Vientiane',\n        name: 'Vientiane',\n      },\n      {\n        value: 'Asia/Vladivostok',\n        name: 'Vladivostok',\n      },\n      {\n        value: 'Asia/Yakutsk',\n        name: 'Yakutsk',\n      },\n      {\n        value: 'Asia/Yekaterinburg',\n        name: 'Yekaterinburg',\n      },\n      {\n        value: 'Asia/Yerevan',\n        name: 'Yerevan',\n      },\n    ],\n  },\n  {\n    group: 'Africa',\n    zones: [\n      {\n        value: 'Africa/Abidjan',\n        name: 'Abidjan',\n      },\n      {\n        value: 'Africa/Accra',\n        name: 'Accra',\n      },\n      {\n        value: 'Africa/Addis_Ababa',\n        name: 'Addis Ababa',\n      },\n      {\n        value: 'Africa/Algiers',\n        name: 'Algiers',\n      },\n      {\n        value: 'Africa/Asmara',\n        name: 'Asmara',\n      },\n      {\n        value: 'Africa/Asmera',\n        name: 'Asmera',\n      },\n      {\n        value: 'Africa/Bamako',\n        name: 'Bamako',\n      },\n      {\n        value: 'Africa/Bangui',\n        name: 'Bangui',\n      },\n      {\n        value: 'Africa/Banjul',\n        name: 'Banjul',\n      },\n      {\n        value: 'Africa/Bissau',\n        name: 'Bissau',\n      },\n      {\n        value: 'Africa/Blantyre',\n        name: 'Blantyre',\n      },\n      {\n        value: 'Africa/Brazzaville',\n        name: 'Brazzaville',\n      },\n      {\n        value: 'Africa/Bujumbura',\n        name: 'Bujumbura',\n      },\n      {\n        value: 'Africa/Cairo',\n        name: 'Cairo',\n      },\n      {\n        value: 'Africa/Casablanca',\n        name: 'Casablanca',\n      },\n      {\n        value: 'Africa/Ceuta',\n        name: 'Ceuta',\n      },\n      {\n        value: 'Africa/Conakry',\n        name: 'Conakry',\n      },\n      {\n        value: 'Africa/Dakar',\n        name: 'Dakar',\n      },\n      {\n        value: 'Africa/Dar_es_Salaam',\n        name: 'Dar es Salaam',\n      },\n      {\n        value: 'Africa/Djibouti',\n        name: 'Djibouti',\n      },\n      {\n        value: 'Africa/Douala',\n        name: 'Douala',\n      },\n      {\n        value: 'Africa/El_Aaiun',\n        name: 'El Aaiun',\n      },\n      {\n        value: 'Africa/Freetown',\n        name: 'Freetown',\n      },\n      {\n        value: 'Africa/Gaborone',\n        name: 'Gaborone',\n      },\n      {\n        value: 'Africa/Harare',\n        name: 'Harare',\n      },\n      {\n        value: 'Africa/Johannesburg',\n        name: 'Johannesburg',\n      },\n      {\n        value: 'Africa/Kampala',\n        name: 'Kampala',\n      },\n      {\n        value: 'Africa/Khartoum',\n        name: 'Khartoum',\n      },\n      {\n        value: 'Africa/Kigali',\n        name: 'Kigali',\n      },\n      {\n        value: 'Africa/Kinshasa',\n        name: 'Kinshasa',\n      },\n      {\n        value: 'Africa/Lagos',\n        name: 'Lagos',\n      },\n      {\n        value: 'Africa/Libreville',\n        name: 'Libreville',\n      },\n      {\n        value: 'Africa/Lome',\n        name: 'Lome',\n      },\n      {\n        value: 'Africa/Luanda',\n        name: 'Luanda',\n      },\n      {\n        value: 'Africa/Lubumbashi',\n        name: 'Lubumbashi',\n      },\n      {\n        value: 'Africa/Lusaka',\n        name: 'Lusaka',\n      },\n      {\n        value: 'Africa/Malabo',\n        name: 'Malabo',\n      },\n      {\n        value: 'Africa/Maputo',\n        name: 'Maputo',\n      },\n      {\n        value: 'Africa/Maseru',\n        name: 'Maseru',\n      },\n      {\n        value: 'Africa/Mbabane',\n        name: 'Mbabane',\n      },\n      {\n        value: 'Africa/Mogadishu',\n        name: 'Mogadishu',\n      },\n      {\n        value: 'Africa/Monrovia',\n        name: 'Monrovia',\n      },\n      {\n        value: 'Africa/Nairobi',\n        name: 'Nairobi',\n      },\n      {\n        value: 'Africa/Ndjamena',\n        name: 'Ndjamena',\n      },\n      {\n        value: 'Africa/Niamey',\n        name: 'Niamey',\n      },\n      {\n        value: 'Africa/Nouakchott',\n        name: 'Nouakchott',\n      },\n      {\n        value: 'Africa/Ouagadougou',\n        name: 'Ouagadougou',\n      },\n      {\n        value: 'Africa/Porto-Novo',\n        name: 'Porto-Novo',\n      },\n      {\n        value: 'Africa/Sao_Tome',\n        name: 'Sao Tome',\n      },\n      {\n        value: 'Africa/Timbuktu',\n        name: 'Timbuktu',\n      },\n      {\n        value: 'Africa/Tripoli',\n        name: 'Tripoli',\n      },\n      {\n        value: 'Africa/Tunis',\n        name: 'Tunis',\n      },\n      {\n        value: 'Africa/Windhoek',\n        name: 'Windhoek',\n      },\n    ],\n  },\n  {\n    group: 'Australia',\n    zones: [\n      {\n        value: 'Australia/ACT',\n        name: 'ACT',\n      },\n      {\n        value: 'Australia/Adelaide',\n        name: 'Adelaide',\n      },\n      {\n        value: 'Australia/Brisbane',\n        name: 'Brisbane',\n      },\n      {\n        value: 'Australia/Broken_Hill',\n        name: 'Broken Hill',\n      },\n      {\n        value: 'Australia/Canberra',\n        name: 'Canberra',\n      },\n      {\n        value: 'Australia/Currie',\n        name: 'Currie',\n      },\n      {\n        value: 'Australia/Darwin',\n        name: 'Darwin',\n      },\n      {\n        value: 'Australia/Eucla',\n        name: 'Eucla',\n      },\n      {\n        value: 'Australia/Hobart',\n        name: 'Hobart',\n      },\n      {\n        value: 'Australia/LHI',\n        name: 'LHI',\n      },\n      {\n        value: 'Australia/Lindeman',\n        name: 'Lindeman',\n      },\n      {\n        value: 'Australia/Lord_Howe',\n        name: 'Lord Howe',\n      },\n      {\n        value: 'Australia/Melbourne',\n        name: 'Melbourne',\n      },\n      {\n        value: 'Australia/North',\n        name: 'North',\n      },\n      {\n        value: 'Australia/NSW',\n        name: 'NSW',\n      },\n      {\n        value: 'Australia/Perth',\n        name: 'Perth',\n      },\n      {\n        value: 'Australia/Queensland',\n        name: 'Queensland',\n      },\n      {\n        value: 'Australia/South',\n        name: 'South',\n      },\n      {\n        value: 'Australia/Sydney',\n        name: 'Sydney',\n      },\n      {\n        value: 'Australia/Tasmania',\n        name: 'Tasmania',\n      },\n      {\n        value: 'Australia/Victoria',\n        name: 'Victoria',\n      },\n      {\n        value: 'Australia/West',\n        name: 'West',\n      },\n      {\n        value: 'Australia/Yancowinna',\n        name: 'Yancowinna',\n      },\n    ],\n  },\n  {\n    group: 'Indian',\n    zones: [\n      {\n        value: 'Indian/Antananarivo',\n        name: 'Antananarivo',\n      },\n      {\n        value: 'Indian/Chagos',\n        name: 'Chagos',\n      },\n      {\n        value: 'Indian/Christmas',\n        name: 'Christmas',\n      },\n      {\n        value: 'Indian/Cocos',\n        name: 'Cocos',\n      },\n      {\n        value: 'Indian/Comoro',\n        name: 'Comoro',\n      },\n      {\n        value: 'Indian/Kerguelen',\n        name: 'Kerguelen',\n      },\n      {\n        value: 'Indian/Mahe',\n        name: 'Mahe',\n      },\n      {\n        value: 'Indian/Maldives',\n        name: 'Maldives',\n      },\n      {\n        value: 'Indian/Mauritius',\n        name: 'Mauritius',\n      },\n      {\n        value: 'Indian/Mayotte',\n        name: 'Mayotte',\n      },\n      {\n        value: 'Indian/Reunion',\n        name: 'Reunion',\n      },\n    ],\n  },\n  {\n    group: 'Atlantic',\n    zones: [\n      {\n        value: 'Atlantic/Azores',\n        name: 'Azores',\n      },\n      {\n        value: 'Atlantic/Bermuda',\n        name: 'Bermuda',\n      },\n      {\n        value: 'Atlantic/Canary',\n        name: 'Canary',\n      },\n      {\n        value: 'Atlantic/Cape_Verde',\n        name: 'Cape Verde',\n      },\n      {\n        value: 'Atlantic/Faeroe',\n        name: 'Faeroe',\n      },\n      {\n        value: 'Atlantic/Faroe',\n        name: 'Faroe',\n      },\n      {\n        value: 'Atlantic/Jan_Mayen',\n        name: 'Jan Mayen',\n      },\n      {\n        value: 'Atlantic/Madeira',\n        name: 'Madeira',\n      },\n      {\n        value: 'Atlantic/Reykjavik',\n        name: 'Reykjavik',\n      },\n      {\n        value: 'Atlantic/South_Georgia',\n        name: 'South Georgia',\n      },\n      {\n        value: 'Atlantic/Stanley',\n        name: 'Stanley',\n      },\n      {\n        value: 'Atlantic/St_Helena',\n        name: 'St Helena',\n      },\n    ],\n  },\n  {\n    group: 'Pacific',\n    zones: [\n      {\n        value: 'Pacific/Apia',\n        name: 'Apia',\n      },\n      {\n        value: 'Pacific/Auckland',\n        name: 'Auckland',\n      },\n      {\n        value: 'Pacific/Chatham',\n        name: 'Chatham',\n      },\n      {\n        value: 'Pacific/Easter',\n        name: 'Easter',\n      },\n      {\n        value: 'Pacific/Efate',\n        name: 'Efate',\n      },\n      {\n        value: 'Pacific/Enderbury',\n        name: 'Enderbury',\n      },\n      {\n        value: 'Pacific/Fakaofo',\n        name: 'Fakaofo',\n      },\n      {\n        value: 'Pacific/Fiji',\n        name: 'Fiji',\n      },\n      {\n        value: 'Pacific/Funafuti',\n        name: 'Funafuti',\n      },\n      {\n        value: 'Pacific/Galapagos',\n        name: 'Galapagos',\n      },\n      {\n        value: 'Pacific/Gambier',\n        name: 'Gambier',\n      },\n      {\n        value: 'Pacific/Guadalcanal',\n        name: 'Guadalcanal',\n      },\n      {\n        value: 'Pacific/Guam',\n        name: 'Guam',\n      },\n      {\n        value: 'Pacific/Honolulu',\n        name: 'Honolulu',\n      },\n      {\n        value: 'Pacific/Johnston',\n        name: 'Johnston',\n      },\n      {\n        value: 'Pacific/Kiritimati',\n        name: 'Kiritimati',\n      },\n      {\n        value: 'Pacific/Kosrae',\n        name: 'Kosrae',\n      },\n      {\n        value: 'Pacific/Kwajalein',\n        name: 'Kwajalein',\n      },\n      {\n        value: 'Pacific/Majuro',\n        name: 'Majuro',\n      },\n      {\n        value: 'Pacific/Marquesas',\n        name: 'Marquesas',\n      },\n      {\n        value: 'Pacific/Midway',\n        name: 'Midway',\n      },\n      {\n        value: 'Pacific/Nauru',\n        name: 'Nauru',\n      },\n      {\n        value: 'Pacific/Niue',\n        name: 'Niue',\n      },\n      {\n        value: 'Pacific/Norfolk',\n        name: 'Norfolk',\n      },\n      {\n        value: 'Pacific/Noumea',\n        name: 'Noumea',\n      },\n      {\n        value: 'Pacific/Pago_Pago',\n        name: 'Pago Pago',\n      },\n      {\n        value: 'Pacific/Palau',\n        name: 'Palau',\n      },\n      {\n        value: 'Pacific/Pitcairn',\n        name: 'Pitcairn',\n      },\n      {\n        value: 'Pacific/Ponape',\n        name: 'Ponape',\n      },\n      {\n        value: 'Pacific/Port_Moresby',\n        name: 'Port Moresby',\n      },\n      {\n        value: 'Pacific/Rarotonga',\n        name: 'Rarotonga',\n      },\n      {\n        value: 'Pacific/Saipan',\n        name: 'Saipan',\n      },\n      {\n        value: 'Pacific/Samoa',\n        name: 'Samoa',\n      },\n      {\n        value: 'Pacific/Tahiti',\n        name: 'Tahiti',\n      },\n      {\n        value: 'Pacific/Tarawa',\n        name: 'Tarawa',\n      },\n      {\n        value: 'Pacific/Tongatapu',\n        name: 'Tongatapu',\n      },\n      {\n        value: 'Pacific/Truk',\n        name: 'Truk',\n      },\n      {\n        value: 'Pacific/Wake',\n        name: 'Wake',\n      },\n      {\n        value: 'Pacific/Wallis',\n        name: 'Wallis',\n      },\n      {\n        value: 'Pacific/Yap',\n        name: 'Yap',\n      },\n    ],\n  },\n  {\n    group: 'Antarctica',\n    zones: [\n      {\n        value: 'Antarctica/Casey',\n        name: 'Casey',\n      },\n      {\n        value: 'Antarctica/Davis',\n        name: 'Davis',\n      },\n      {\n        value: 'Antarctica/DumontDUrville',\n        name: 'DumontDUrville',\n      },\n      {\n        value: 'Antarctica/Macquarie',\n        name: 'Macquarie',\n      },\n      {\n        value: 'Antarctica/Mawson',\n        name: 'Mawson',\n      },\n      {\n        value: 'Antarctica/McMurdo',\n        name: 'McMurdo',\n      },\n      {\n        value: 'Antarctica/Palmer',\n        name: 'Palmer',\n      },\n      {\n        value: 'Antarctica/Rothera',\n        name: 'Rothera',\n      },\n      {\n        value: 'Antarctica/South_Pole',\n        name: 'South Pole',\n      },\n      {\n        value: 'Antarctica/Syowa',\n        name: 'Syowa',\n      },\n      {\n        value: 'Antarctica/Vostok',\n        name: 'Vostok',\n      },\n    ],\n  },\n  {\n    group: 'Arctic',\n    zones: [\n      {\n        value: 'Arctic/Longyearbyen',\n        name: 'Longyearbyen',\n      },\n    ],\n  },\n  {\n    group: 'UTC',\n    zones: [\n      {\n        value: 'UTC',\n        name: 'UTC',\n      },\n    ],\n  },\n  {\n    group: 'Manual Offsets',\n    zones: [\n      {\n        value: 'UTC-12',\n        name: 'UTC-12',\n      },\n      {\n        value: 'UTC-11',\n        name: 'UTC-11',\n      },\n      {\n        value: 'UTC-10',\n        name: 'UTC-10',\n      },\n      {\n        value: 'UTC-9',\n        name: 'UTC-9',\n      },\n      {\n        value: 'UTC-8',\n        name: 'UTC-8',\n      },\n      {\n        value: 'UTC-7',\n        name: 'UTC-7',\n      },\n      {\n        value: 'UTC-6',\n        name: 'UTC-6',\n      },\n      {\n        value: 'UTC-5',\n        name: 'UTC-5',\n      },\n      {\n        value: 'UTC-4',\n        name: 'UTC-4',\n      },\n      {\n        value: 'UTC-3',\n        name: 'UTC-3',\n      },\n      {\n        value: 'UTC-2',\n        name: 'UTC-2',\n      },\n      {\n        value: 'UTC-1',\n        name: 'UTC-1',\n      },\n      {\n        value: 'UTC+0',\n        name: 'UTC+0',\n      },\n      {\n        value: 'UTC+1',\n        name: 'UTC+1',\n      },\n      {\n        value: 'UTC+2',\n        name: 'UTC+2',\n      },\n      {\n        value: 'UTC+3',\n        name: 'UTC+3',\n      },\n      {\n        value: 'UTC+4',\n        name: 'UTC+4',\n      },\n      {\n        value: 'UTC+5',\n        name: 'UTC+5',\n      },\n      {\n        value: 'UTC+6',\n        name: 'UTC+6',\n      },\n      {\n        value: 'UTC+7',\n        name: 'UTC+7',\n      },\n      {\n        value: 'UTC+8',\n        name: 'UTC+8',\n      },\n      {\n        value: 'UTC+9',\n        name: 'UTC+9',\n      },\n      {\n        value: 'UTC+10',\n        name: 'UTC+10',\n      },\n      {\n        value: 'UTC+11',\n        name: 'UTC+11',\n      },\n      {\n        value: 'UTC+12',\n        name: 'UTC+12',\n      },\n      {\n        value: 'UTC+13',\n        name: 'UTC+13',\n      },\n      {\n        value: 'UTC+14',\n        name: 'UTC+14',\n      },\n    ],\n  },\n];\n\nconst getTimezones = () => timezoneGroups.flatMap((group) => group.zones.map((zone) => zone.value));\n\nexport const TIMEZONES = getTimezones();\n"]},"_coverageSchema":"1a1c01bbd47fc00a2c39e90264f33305004495a9","hash":"f1a1bf79229d3e18c03a518c0159a28ce867fb78"},"/Users/brennan-lu/Desktop/voiceflow/libs/packages/common/src/utils/typeguard.ts":{"path":"/Users/brennan-lu/Desktop/voiceflow/libs/packages/common/src/utils/typeguard.ts","statementMap":{"0":{"start":{"line":2,"column":0},"end":{"line":2,"column":62}},"1":{"start":{"line":3,"column":0},"end":{"line":3,"column":78}},"2":{"start":{"line":4,"column":31},"end":{"line":4,"column":138}},"3":{"start":{"line":4,"column":37},"end":{"line":4,"column":138}},"4":{"start":{"line":4,"column":49},"end":{"line":4,"column":138}},"5":{"start":{"line":4,"column":60},"end":{"line":4,"column":138}},"6":{"start":{"line":5,"column":0},"end":{"line":5,"column":56}},"7":{"start":{"line":6,"column":36},"end":{"line":6,"column":140}},"8":{"start":{"line":6,"column":42},"end":{"line":6,"column":140}},"9":{"start":{"line":6,"column":54},"end":{"line":6,"column":140}},"10":{"start":{"line":6,"column":65},"end":{"line":6,"column":140}},"11":{"start":{"line":7,"column":0},"end":{"line":7,"column":66}}},"fnMap":{"0":{"name":"(anonymous_0)","decl":{"start":{"line":4,"column":31},"end":{"line":4,"column":32}},"loc":{"start":{"line":4,"column":37},"end":{"line":4,"column":138}},"line":4},"1":{"name":"(anonymous_1)","decl":{"start":{"line":4,"column":37},"end":{"line":4,"column":38}},"loc":{"start":{"line":4,"column":49},"end":{"line":4,"column":138}},"line":4},"2":{"name":"(anonymous_2)","decl":{"start":{"line":4,"column":49},"end":{"line":4,"column":50}},"loc":{"start":{"line":4,"column":60},"end":{"line":4,"column":138}},"line":4},"3":{"name":"(anonymous_3)","decl":{"start":{"line":6,"column":36},"end":{"line":6,"column":37}},"loc":{"start":{"line":6,"column":42},"end":{"line":6,"column":140}},"line":6},"4":{"name":"(anonymous_4)","decl":{"start":{"line":6,"column":42},"end":{"line":6,"column":43}},"loc":{"start":{"line":6,"column":54},"end":{"line":6,"column":140}},"line":6},"5":{"name":"(anonymous_5)","decl":{"start":{"line":6,"column":54},"end":{"line":6,"column":55}},"loc":{"start":{"line":6,"column":65},"end":{"line":6,"column":140}},"line":6}},"branchMap":{"0":{"loc":{"start":{"line":4,"column":60},"end":{"line":4,"column":138}},"type":"binary-expr","locations":[{"start":{"line":4,"column":60},"end":{"line":4,"column":67}},{"start":{"line":4,"column":72},"end":{"line":4,"column":137}}],"line":4},"1":{"loc":{"start":{"line":4,"column":72},"end":{"line":4,"column":137}},"type":"cond-expr","locations":[{"start":{"line":4,"column":96},"end":{"line":4,"column":118}},{"start":{"line":4,"column":121},"end":{"line":4,"column":137}}],"line":4},"2":{"loc":{"start":{"line":6,"column":65},"end":{"line":6,"column":140}},"type":"cond-expr","locations":[{"start":{"line":6,"column":89},"end":{"line":6,"column":116}},{"start":{"line":6,"column":119},"end":{"line":6,"column":140}}],"line":6}},"s":{"0":1,"1":1,"2":1,"3":3,"4":3,"5":6,"6":1,"7":1,"8":3,"9":3,"10":6,"11":1},"f":{"0":3,"1":3,"2":6,"3":3,"4":3,"5":6},"b":{"0":[6,6],"1":[3,3],"2":[3,3]},"inputSourceMap":{"version":3,"file":"/Users/brennan-lu/Desktop/voiceflow/libs/packages/common/src/utils/typeguard.ts","sources":["/Users/brennan-lu/Desktop/voiceflow/libs/packages/common/src/utils/typeguard.ts"],"names":[],"mappings":";;;AAAO,MAAM,sBAAsB,GACjC,GAAM,EAAE,CACR,CAAc,MAAkC,EAAE,EAAE,CACpD,CAAC,KAAe,EAAc,EAAE,CAC9B,CAAC,CAAC,KAAK,IAAI,CAAC,KAAK,CAAC,OAAO,CAAC,MAAM,CAAC,CAAC,CAAC,CAAC,MAAM,CAAC,QAAQ,CAAC,KAAU,CAAC,CAAC,CAAC,CAAC,MAAM,KAAK,KAAK,CAAC,CAAC;AAJ3E,QAAA,sBAAsB,0BAIqD;AAEjF,MAAM,2BAA2B,GACtC,GAAkD,EAAE,CACpD,CAAc,MAA+B,EAAE,EAAE,CACjD,CAAC,KAAQ,EAAc,EAAE,CACvB,KAAK,CAAC,OAAO,CAAC,MAAM,CAAC,CAAC,CAAC,CAAC,MAAM,CAAC,QAAQ,CAAC,KAAK,CAAC,IAAI,CAAC,CAAC,CAAC,CAAC,KAAK,CAAC,IAAI,KAAK,MAAM,CAAC;AAJnE,QAAA,2BAA2B,+BAIwC","sourcesContent":["export const createTypeguardCreator =\n  <T>() =>\n  <R extends T>(values: R | R[] | ReadonlyArray<R>) =>\n  (value?: unknown): value is R =>\n    !!value && (Array.isArray(values) ? values.includes(value as R) : values === value);\n\nexport const createTypedTypeguardCreator =\n  <T extends { type: string } = { type: string }>() =>\n  <R extends T>(values: R['type'] | R['type'][]) =>\n  (value: T): value is R =>\n    Array.isArray(values) ? values.includes(value.type) : value.type === values;\n"]},"_coverageSchema":"1a1c01bbd47fc00a2c39e90264f33305004495a9","hash":"8f8543ce4a3d96c6118af2c8bcc2fc7c92bd5fbd"}}