TN:
SF:src/client.ts
FN:7,(anonymous_0)
FNF:1
FNH:1
FNDA:9,(anonymous_0)
DA:1,1
DA:2,1
DA:4,1
DA:8,9
DA:10,9
LF:5
LH:5
BRF:0
BRH:0
end_of_record
TN:
SF:src/fetch.ts
FN:24,(anonymous_2)
FN:34,(anonymous_3)
FN:40,(anonymous_4)
FN:46,(anonymous_5)
FN:52,(anonymous_6)
FN:58,(anonymous_7)
FN:70,(anonymous_8)
FN:76,(anonymous_9)
FN:87,(anonymous_10)
FNF:9
FNH:9
FNDA:24,(anonymous_2)
FNDA:1,(anonymous_3)
FNDA:1,(anonymous_4)
FNDA:1,(anonymous_5)
FNDA:2,(anonymous_6)
FNDA:1,(anonymous_7)
FNDA:1,(anonymous_8)
FNDA:1,(anonymous_9)
FNDA:1,(anonymous_10)
DA:1,1
DA:25,24
DA:31,24
DA:35,1
DA:37,1
DA:41,1
DA:43,1
DA:47,1
DA:49,1
DA:53,2
DA:55,2
DA:59,1
DA:61,1
DA:71,1
DA:73,1
DA:77,1
DA:79,1
DA:88,1
DA:90,1
DA:99,1
LF:20
LH:20
BRDA:26,0,0,2
BRDA:26,0,1,22
BRDA:27,1,0,20
BRDA:27,1,1,4
BRDA:27,2,0,24
BRDA:27,2,1,24
BRDA:27,3,0,22
BRDA:27,3,1,2
BRDA:53,4,0,1
BRDA:53,4,1,1
BRF:10
BRH:10
end_of_record
TN:
SF:src/index.ts
FN:28,(anonymous_6)
FN:35,(anonymous_7)
FN:43,(anonymous_8)
FNF:3
FNH:3
FNDA:3,(anonymous_6)
FNDA:1,(anonymous_7)
FNDA:1,(anonymous_8)
DA:1,1
DA:3,1
DA:4,1
DA:10,1
DA:19,1
DA:29,3
DA:31,3
DA:32,3
DA:36,1
DA:44,1
DA:46,1
DA:54,1
LF:12
LH:12
BRDA:35,0,0,1
BRF:1
BRH:1
end_of_record
TN:
SF:src/publicClient.ts
FN:35,(anonymous_1)
FNF:1
FNH:1
FNDA:10,(anonymous_1)
DA:3,1
DA:4,1
DA:14,1
DA:36,10
DA:38,10
DA:39,10
DA:40,10
DA:41,10
DA:42,10
DA:43,10
DA:44,10
DA:45,10
DA:46,10
LF:13
LH:13
BRF:0
BRH:0
end_of_record
TN:
SF:src/resources/apiKey.ts
FN:12,(anonymous_1)
FN:20,(anonymous_2)
FN:24,(anonymous_3)
FN:28,(anonymous_4)
FN:35,(anonymous_5)
FNF:5
FNH:5
FNDA:14,(anonymous_1)
FNDA:1,(anonymous_2)
FNDA:1,(anonymous_3)
FNDA:1,(anonymous_4)
FNDA:1,(anonymous_5)
DA:4,1
DA:6,1
DA:8,1
DA:13,14
DA:21,1
DA:25,1
DA:32,1
DA:36,1
DA:40,1
LF:9
LH:9
BRDA:12,0,0,14
BRDA:12,1,0,14
BRF:2
BRH:2
end_of_record
TN:
SF:src/resources/base.ts
FN:10,(anonymous_1)
FN:14,(anonymous_2)
FN:18,(anonymous_3)
FN:22,(anonymous_4)
FNF:4
FNH:4
FNDA:255,(anonymous_1)
FNDA:24,(anonymous_2)
FNDA:3,(anonymous_3)
FNDA:4,(anonymous_4)
DA:3,1
DA:11,255
DA:15,24
DA:19,3
DA:22,4
DA:26,1
LF:6
LH:6
BRDA:15,0,0,12
BRDA:15,0,1,12
BRDA:19,1,0,1
BRDA:19,1,1,2
BRF:4
BRH:4
end_of_record
TN:
SF:src/resources/crud.ts
FN:12,(anonymous_1)
FN:20,(anonymous_2)
FN:30,(anonymous_3)
FN:36,(anonymous_4)
FN:42,(anonymous_5)
FN:48,(anonymous_6)
FN:54,(anonymous_7)
FNF:7
FNH:7
FNDA:46,(anonymous_1)
FNDA:2,(anonymous_2)
FNDA:2,(anonymous_3)
FNDA:1,(anonymous_4)
FNDA:1,(anonymous_5)
FNDA:1,(anonymous_6)
FNDA:1,(anonymous_7)
DA:4,1
DA:13,46
DA:21,2
DA:23,2
DA:31,2
DA:33,2
DA:37,1
DA:39,1
DA:43,1
DA:45,1
DA:49,1
DA:51,1
DA:55,1
DA:57,1
DA:61,1
LF:15
LH:15
BRDA:13,0,0,40
BRDA:13,0,1,6
BRF:2
BRH:2
end_of_record
TN:
SF:src/resources/crudNested.ts
FN:18,(anonymous_1)
FN:24,(anonymous_2)
FN:33,(anonymous_3)
FN:43,(anonymous_4)
FN:49,(anonymous_5)
FN:55,(anonymous_6)
FN:65,(anonymous_7)
FN:71,(anonymous_8)
FNF:8
FNH:8
FNDA:56,(anonymous_1)
FNDA:13,(anonymous_2)
FNDA:2,(anonymous_3)
FNDA:2,(anonymous_4)
FNDA:1,(anonymous_5)
FNDA:1,(anonymous_6)
FNDA:1,(anonymous_7)
FNDA:1,(anonymous_8)
DA:4,1
DA:19,56
DA:21,56
DA:26,13
DA:34,2
DA:36,2
DA:44,2
DA:46,2
DA:50,1
DA:52,1
DA:60,1
DA:62,1
DA:66,1
DA:68,1
DA:72,1
DA:74,1
DA:78,1
LF:17
LH:17
BRDA:26,0,0,9
BRDA:26,0,1,4
BRF:2
BRH:2
end_of_record
TN:
SF:src/resources/diagram.ts
FN:13,(anonymous_1)
FN:27,(anonymous_2)
FN:31,(anonymous_3)
FN:43,(anonymous_4)
FN:54,(anonymous_5)
FN:58,(anonymous_6)
FN:68,(anonymous_7)
FN:78,(anonymous_8)
FN:84,(anonymous_9)
FN:88,(anonymous_10)
FNF:10
FNH:10
FNDA:20,(anonymous_1)
FNDA:2,(anonymous_2)
FNDA:1,(anonymous_3)
FNDA:1,(anonymous_4)
FNDA:1,(anonymous_5)
FNDA:1,(anonymous_6)
FNDA:1,(anonymous_7)
FNDA:1,(anonymous_8)
FNDA:1,(anonymous_9)
FNDA:1,(anonymous_10)
DA:5,1
DA:7,1
DA:9,1
DA:14,20
DA:28,2
DA:32,1
DA:34,1
DA:44,1
DA:55,1
DA:63,1
DA:65,1
DA:73,1
DA:75,1
DA:79,1
DA:81,1
DA:85,1
DA:89,1
DA:91,1
DA:95,1
LF:19
LH:19
BRDA:28,0,0,1
BRDA:28,0,1,1
BRF:2
BRH:2
end_of_record
TN:
SF:src/resources/fetcher.ts
FN:28,(anonymous_0)
FN:22,(anonymous_1)
FN:35,(anonymous_2)
FNF:3
FNH:3
FNDA:283,(anonymous_0)
FNDA:75,(anonymous_1)
FNDA:1,(anonymous_2)
DA:23,75
DA:29,283
DA:30,283
DA:31,283
DA:32,283
DA:36,1
DA:38,1
DA:42,1
LF:8
LH:8
BRF:0
BRH:0
end_of_record
TN:
SF:src/resources/index.ts
FN:1,(anonymous_1)
FN:2,(anonymous_2)
FN:3,(anonymous_3)
FN:4,(anonymous_4)
FN:5,(anonymous_5)
FN:6,(anonymous_6)
FN:7,(anonymous_7)
FN:8,(anonymous_8)
FN:9,(anonymous_9)
FN:10,(anonymous_10)
FNF:10
FNH:10
FNDA:11,(anonymous_1)
FNDA:16,(anonymous_2)
FNDA:22,(anonymous_3)
FNDA:13,(anonymous_4)
FNDA:19,(anonymous_5)
FNDA:27,(anonymous_6)
FNDA:13,(anonymous_7)
FNDA:14,(anonymous_8)
FNDA:13,(anonymous_9)
FNDA:40,(anonymous_10)
DA:1,12
DA:2,17
DA:3,23
DA:4,14
DA:5,20
DA:6,28
DA:7,14
DA:8,15
DA:9,14
DA:10,41
LF:10
LH:10
BRF:0
BRH:0
end_of_record
TN:
SF:src/resources/note.ts
FN:11,(anonymous_1)
FN:15,(anonymous_2)
FN:21,(anonymous_3)
FNF:3
FNH:3
FNDA:12,(anonymous_1)
FNDA:1,(anonymous_2)
FNDA:1,(anonymous_3)
DA:4,1
DA:6,1
DA:12,12
DA:16,1
DA:18,1
DA:22,1
DA:26,1
LF:7
LH:7
BRF:0
BRH:0
end_of_record
TN:
SF:src/resources/program.ts
FN:13,(anonymous_1)
FN:27,(anonymous_2)
FN:39,(anonymous_3)
FN:43,(anonymous_4)
FN:55,(anonymous_5)
FN:62,(anonymous_6)
FNF:6
FNH:6
FNDA:28,(anonymous_1)
FNDA:2,(anonymous_2)
FNDA:1,(anonymous_3)
FNDA:1,(anonymous_4)
FNDA:1,(anonymous_5)
FNDA:1,(anonymous_6)
DA:5,1
DA:7,1
DA:9,1
DA:14,28
DA:28,2
DA:40,1
DA:44,1
DA:45,1
DA:59,1
DA:63,1
DA:67,1
LF:11
LH:11
BRDA:13,0,0,16
BRDA:13,1,0,16
BRDA:28,2,0,1
BRDA:28,2,1,1
BRF:4
BRH:4
end_of_record
TN:
SF:src/resources/prototypeProgram.ts
FN:8,(anonymous_1)
FNF:1
FNH:1
FNDA:12,(anonymous_1)
DA:3,1
DA:5,1
DA:9,12
DA:13,1
LF:4
LH:4
BRF:0
BRH:0
end_of_record
TN:
SF:src/resources/user.ts
FN:3,(anonymous_1)
FN:11,(anonymous_2)
FN:37,(anonymous_3)
FN:47,(anonymous_4)
FNF:4
FNH:4
FNDA:12,(anonymous_1)
FNDA:11,(anonymous_2)
FNDA:12,(anonymous_3)
FNDA:12,(anonymous_4)
DA:1,1
DA:3,1
DA:4,12
DA:5,12
DA:7,2
DA:11,1
DA:12,11
DA:14,11
DA:15,1
DA:17,11
DA:18,1
DA:20,10
DA:31,12
DA:33,12
DA:35,12
DA:38,12
DA:39,11
DA:41,10
DA:42,10
DA:43,10
DA:48,12
DA:52,1
LF:22
LH:22
BRDA:14,0,0,1
BRDA:14,0,1,10
BRDA:17,1,0,1
BRDA:17,1,1,10
BRDA:38,2,0,11
BRDA:38,2,1,1
BRF:6
BRH:6
end_of_record
TN:
SF:src/resources/variableState.ts
FN:12,(anonymous_1)
FN:24,(anonymous_2)
FNF:2
FNH:2
FNDA:12,(anonymous_1)
FNDA:2,(anonymous_2)
DA:5,1
DA:7,1
DA:13,12
DA:25,2
DA:29,1
LF:5
LH:5
BRDA:25,0,0,1
BRDA:25,0,1,1
BRF:2
BRH:2
end_of_record
TN:
SF:src/resources/analytics/index.ts
FN:44,(anonymous_1)
FN:69,(anonymous_2)
FN:77,(anonymous_3)
FN:53,(anonymous_4)
FN:57,(anonymous_5)
FN:61,(anonymous_6)
FN:85,(anonymous_7)
FN:89,(anonymous_8)
FN:93,(anonymous_9)
FN:114,(anonymous_10)
FN:135,(anonymous_11)
FN:150,(anonymous_12)
FNF:12
FNH:12
FNDA:28,(anonymous_1)
FNDA:2,(anonymous_2)
FNDA:4,(anonymous_3)
FNDA:20,(anonymous_4)
FNDA:38,(anonymous_5)
FNDA:9,(anonymous_6)
FNDA:6,(anonymous_7)
FNDA:2,(anonymous_8)
FNDA:18,(anonymous_9)
FNDA:12,(anonymous_10)
FNDA:2,(anonymous_11)
FNDA:2,(anonymous_12)
DA:4,1
DA:5,1
DA:7,1
DA:8,1
DA:45,28
DA:47,28
DA:48,28
DA:49,28
DA:50,28
DA:54,20
DA:58,38
DA:62,9
DA:63,1
DA:66,8
DA:69,28
DA:70,2
DA:71,1
DA:74,1
DA:77,28
DA:78,4
DA:79,1
DA:82,3
DA:86,6
DA:90,2
DA:97,18
DA:98,6
DA:101,12
DA:103,12
DA:104,8
DA:107,4
DA:108,2
DA:111,2
DA:118,12
DA:119,4
DA:122,8
DA:124,8
DA:125,4
DA:128,4
DA:129,2
DA:132,2
DA:141,2
DA:143,2
DA:144,1
DA:147,1
DA:151,2
DA:153,2
DA:154,1
DA:157,1
DA:161,1
LF:49
LH:49
BRDA:44,0,0,10
BRDA:70,1,0,1
BRDA:70,1,1,1
BRDA:78,2,0,1
BRDA:78,2,1,3
BRDA:54,3,0,9
BRDA:54,3,1,11
BRDA:62,4,0,1
BRDA:62,4,1,8
BRDA:95,5,0,12
BRDA:95,6,0,12
BRDA:97,7,0,6
BRDA:97,7,1,12
BRDA:103,8,0,8
BRDA:103,8,1,4
BRDA:107,9,0,2
BRDA:107,9,1,2
BRDA:116,10,0,8
BRDA:116,11,0,8
BRDA:118,12,0,4
BRDA:118,12,1,8
BRDA:124,13,0,4
BRDA:124,13,1,4
BRDA:128,14,0,2
BRDA:128,14,1,2
BRDA:143,15,0,1
BRDA:143,15,1,1
BRDA:153,16,0,1
BRDA:153,16,1,1
BRF:29
BRH:29
end_of_record
TN:
SF:src/resources/analytics/queue.ts
FN:8,(anonymous_0)
FN:10,(anonymous_1)
FN:27,(anonymous_2)
FN:38,(anonymous_3)
FNF:4
FNH:4
FNDA:56,(anonymous_0)
FNDA:12,(anonymous_1)
FNDA:10,(anonymous_2)
FNDA:1,(anonymous_3)
DA:4,56
DA:6,56
DA:8,56
DA:11,12
DA:13,12
DA:14,6
DA:18,6
DA:20,6
DA:22,6
DA:24,6
DA:28,10
DA:30,10
DA:32,10
DA:33,4
DA:36,6
DA:39,1
DA:44,1
LF:17
LH:17
BRDA:13,0,0,6
BRDA:13,0,1,6
BRDA:32,1,0,4
BRDA:32,1,1,6
BRF:4
BRH:4
end_of_record
TN:
SF:src/resources/project/constants.ts
FNF:0
FNH:0
DA:1,1
LF:1
LH:1
BRF:0
BRH:0
end_of_record
TN:
SF:src/resources/project/index.ts
FN:16,(anonymous_1)
FN:32,(anonymous_2)
FN:49,(anonymous_3)
FN:61,(anonymous_4)
FN:72,(anonymous_5)
FN:76,(anonymous_6)
FN:80,(anonymous_7)
FN:94,(anonymous_8)
FN:105,(anonymous_9)
FN:114,(anonymous_10)
FN:120,(anonymous_11)
FNF:11
FNH:11
FNDA:25,(anonymous_1)
FNDA:2,(anonymous_2)
FNDA:2,(anonymous_3)
FNDA:1,(anonymous_4)
FNDA:1,(anonymous_5)
FNDA:1,(anonymous_6)
FNDA:1,(anonymous_7)
FNDA:2,(anonymous_8)
FNDA:3,(anonymous_9)
FNDA:1,(anonymous_10)
FNDA:1,(anonymous_11)
DA:6,1
DA:7,1
DA:8,1
DA:10,1
DA:17,25
DA:23,25
DA:36,2
DA:40,2
DA:50,2
DA:62,1
DA:73,1
DA:77,1
DA:81,1
DA:83,1
DA:95,2
DA:97,2
DA:106,3
DA:107,3
DA:111,3
DA:115,1
DA:117,1
DA:126,1
DA:130,1
DA:134,1
LF:24
LH:24
BRDA:50,0,0,1
BRDA:50,0,1,1
BRDA:105,1,0,1
BRDA:106,2,0,2
BRDA:106,3,0,2
BRF:5
BRH:5
end_of_record
TN:
SF:src/resources/project/member.ts
FN:12,(anonymous_1)
FN:20,(anonymous_2)
FN:30,(anonymous_3)
FN:44,(anonymous_4)
FN:62,(anonymous_5)
FN:78,(anonymous_6)
FN:84,(anonymous_7)
FN:90,(anonymous_8)
FN:96,(anonymous_9)
FN:102,(anonymous_10)
FNF:10
FNH:10
FNDA:36,(anonymous_1)
FNDA:9,(anonymous_2)
FNDA:2,(anonymous_3)
FNDA:2,(anonymous_4)
FNDA:1,(anonymous_5)
FNDA:1,(anonymous_6)
FNDA:1,(anonymous_7)
FNDA:1,(anonymous_8)
FNDA:1,(anonymous_9)
FNDA:1,(anonymous_10)
DA:5,1
DA:6,1
DA:8,1
DA:13,36
DA:21,9
DA:31,2
DA:35,2
DA:45,2
DA:49,2
DA:63,1
DA:65,1
DA:79,1
DA:81,1
DA:85,1
DA:87,1
DA:91,1
DA:93,1
DA:97,1
DA:99,1
DA:103,1
DA:105,1
DA:109,1
LF:22
LH:22
BRF:0
BRH:0
end_of_record
TN:
SF:src/resources/version/domain.ts
FN:11,(anonymous_1)
FN:20,(anonymous_2)
FN:24,(anonymous_3)
FN:28,(anonymous_4)
FN:32,(anonymous_5)
FN:40,(anonymous_6)
FN:44,(anonymous_7)
FN:50,(anonymous_8)
FN:56,(anonymous_9)
FNF:9
FNH:9
FNDA:46,(anonymous_1)
FNDA:1,(anonymous_2)
FNDA:1,(anonymous_3)
FNDA:1,(anonymous_4)
FNDA:1,(anonymous_5)
FNDA:1,(anonymous_6)
FNDA:1,(anonymous_7)
FNDA:1,(anonymous_8)
FNDA:1,(anonymous_9)
DA:4,1
DA:6,1
DA:12,46
DA:21,1
DA:25,1
DA:29,1
DA:37,1
DA:41,1
DA:45,1
DA:47,1
DA:51,1
DA:53,1
DA:57,1
DA:59,1
DA:63,1
LF:15
LH:15
BRF:0
BRH:0
end_of_record
TN:
SF:src/resources/version/index.ts
FN:16,(anonymous_1)
FN:34,(anonymous_2)
FN:46,(anonymous_3)
FN:59,(anonymous_4)
FN:66,(anonymous_5)
FN:70,(anonymous_6)
FN:76,(anonymous_7)
FN:82,(anonymous_8)
FN:92,(anonymous_9)
FN:102,(anonymous_10)
FN:114,(anonymous_11)
FN:130,(anonymous_12)
FN:138,(anonymous_13)
FN:157,(anonymous_14)
FN:176,(anonymous_15)
FN:182,(anonymous_16)
FN:191,(anonymous_17)
FN:198,(anonymous_18)
FN:204,(anonymous_19)
FN:210,(anonymous_20)
FN:216,(anonymous_21)
FN:222,(anonymous_22)
FN:232,(anonymous_23)
FNF:23
FNH:23
FNDA:38,(anonymous_1)
FNDA:2,(anonymous_2)
FNDA:1,(anonymous_3)
FNDA:1,(anonymous_4)
FNDA:1,(anonymous_5)
FNDA:1,(anonymous_6)
FNDA:1,(anonymous_7)
FNDA:1,(anonymous_8)
FNDA:2,(anonymous_9)
FNDA:2,(anonymous_10)
FNDA:2,(anonymous_11)
FNDA:1,(anonymous_12)
FNDA:1,(anonymous_13)
FNDA:2,(anonymous_14)
FNDA:1,(anonymous_15)
FNDA:1,(anonymous_16)
FNDA:2,(anonymous_17)
FNDA:1,(anonymous_18)
FNDA:1,(anonymous_19)
FNDA:1,(anonymous_20)
FNDA:1,(anonymous_21)
FNDA:1,(anonymous_22)
FNDA:1,(anonymous_23)
DA:6,1
DA:7,1
DA:9,1
DA:17,38
DA:23,38
DA:35,2
DA:49,1
DA:63,1
DA:67,1
DA:71,1
DA:73,1
DA:77,1
DA:79,1
DA:83,1
DA:85,1
DA:93,2
DA:95,2
DA:103,2
DA:107,2
DA:115,2
DA:117,2
DA:131,1
DA:135,1
DA:139,1
DA:141,1
DA:166,2
DA:173,2
DA:177,1
DA:179,1
DA:186,1
DA:188,1
DA:192,2
DA:193,2
DA:195,2
DA:199,1
DA:201,1
DA:205,1
DA:207,1
DA:211,1
DA:213,1
DA:217,1
DA:219,1
DA:223,1
DA:225,1
DA:233,1
DA:235,1
DA:239,1
LF:47
LH:47
BRDA:35,0,0,1
BRDA:35,0,1,1
BRDA:171,1,0,1
BRDA:171,1,1,1
BRDA:171,2,0,1
BRDA:171,2,1,1
BRDA:171,3,0,2
BRDA:171,3,1,2
BRDA:191,4,0,1
BRDA:192,5,0,1
BRDA:192,5,1,1
BRF:11
BRH:11
end_of_record
